{"C:\\Users\\PC\\Documents\\Projects\\lavirant-vc\\lib\\inpost\\shipxClient.ts": {"path":"C:\\Users\\PC\\Documents\\Projects\\lavirant-vc\\lib\\inpost\\shipxClient.ts","statementMap":{"0":{"start":{"line":3,"column":53},"end":{"line":6,"column":2}},"1":{"start":{"line":13,"column":4},"end":{"line":13,"column":19}},"2":{"start":{"line":14,"column":4},"end":{"line":14,"column":29}},"3":{"start":{"line":15,"column":4},"end":{"line":15,"column":25}},"4":{"start":{"line":16,"column":4},"end":{"line":16,"column":27}},"5":{"start":{"line":8,"column":0},"end":{"line":8,"column":13}},"6":{"start":{"line":30,"column":4},"end":{"line":30,"column":49}},"7":{"start":{"line":31,"column":4},"end":{"line":31,"column":30}},"8":{"start":{"line":35,"column":21},"end":{"line":40,"column":null}},"9":{"start":{"line":44,"column":4},"end":{"line":59,"column":5}},"10":{"start":{"line":45,"column":22},"end":{"line":45,"column":64}},"11":{"start":{"line":46,"column":6},"end":{"line":50,"column":9}},"12":{"start":{"line":51,"column":6},"end":{"line":53,"column":7}},"13":{"start":{"line":52,"column":8},"end":{"line":52,"column":82}},"14":{"start":{"line":55,"column":8},"end":{"line":57,"column":34}},"15":{"start":{"line":58,"column":6},"end":{"line":58,"column":62}},"16":{"start":{"line":61,"column":4},"end":{"line":63,"column":5}},"17":{"start":{"line":62,"column":6},"end":{"line":62,"column":28}},"18":{"start":{"line":65,"column":4},"end":{"line":65,"column":40}},"19":{"start":{"line":69,"column":21},"end":{"line":73,"column":null}},"20":{"start":{"line":77,"column":4},"end":{"line":92,"column":5}},"21":{"start":{"line":78,"column":22},"end":{"line":78,"column":64}},"22":{"start":{"line":79,"column":6},"end":{"line":83,"column":9}},"23":{"start":{"line":84,"column":6},"end":{"line":86,"column":7}},"24":{"start":{"line":85,"column":8},"end":{"line":85,"column":82}},"25":{"start":{"line":88,"column":8},"end":{"line":90,"column":34}},"26":{"start":{"line":91,"column":6},"end":{"line":91,"column":62}},"27":{"start":{"line":94,"column":4},"end":{"line":94,"column":40}},"28":{"start":{"line":100,"column":24},"end":{"line":100,"column":66}},"29":{"start":{"line":101,"column":4},"end":{"line":103,"column":5}},"30":{"start":{"line":102,"column":6},"end":{"line":102,"column":23}},"31":{"start":{"line":104,"column":4},"end":{"line":108,"column":5}},"32":{"start":{"line":105,"column":6},"end":{"line":105,"column":58}},"33":{"start":{"line":107,"column":6},"end":{"line":107,"column":23}},"34":{"start":{"line":25,"column":0},"end":{"line":25,"column":13}},"35":{"start":{"line":112,"column":30},"end":{"line":127,"column":1}},"36":{"start":{"line":113,"column":16},"end":{"line":113,"column":44}},"37":{"start":{"line":114,"column":2},"end":{"line":116,"column":3}},"38":{"start":{"line":115,"column":4},"end":{"line":115,"column":61}},"39":{"start":{"line":119,"column":4},"end":{"line":120,"column":70}},"40":{"start":{"line":122,"column":2},"end":{"line":124,"column":3}},"41":{"start":{"line":123,"column":4},"end":{"line":123,"column":54}},"42":{"start":{"line":126,"column":2},"end":{"line":126,"column":49}},"43":{"start":{"line":112,"column":13},"end":{"line":112,"column":30}}},"fnMap":{"0":{"name":"(anonymous_0)","decl":{"start":{"line":12,"column":2},"end":{"line":12,"column":14}},"loc":{"start":{"line":12,"column":74},"end":{"line":17,"column":3}}},"1":{"name":"(anonymous_1)","decl":{"start":{"line":29,"column":2},"end":{"line":29,"column":14}},"loc":{"start":{"line":29,"column":39},"end":{"line":32,"column":3}}},"2":{"name":"(anonymous_2)","decl":{"start":{"line":34,"column":2},"end":{"line":34,"column":7}},"loc":{"start":{"line":34,"column":55},"end":{"line":66,"column":3}}},"3":{"name":"(anonymous_3)","decl":{"start":{"line":68,"column":2},"end":{"line":68,"column":7}},"loc":{"start":{"line":68,"column":58},"end":{"line":95,"column":3}}},"4":{"name":"(anonymous_4)","decl":{"start":{"line":97,"column":10},"end":{"line":97,"column":15}},"loc":{"start":{"line":98,"column":22},"end":{"line":109,"column":3}}},"5":{"name":"(anonymous_5)","decl":{"start":{"line":112,"column":30},"end":{"line":112,"column":46}},"loc":{"start":{"line":112,"column":48},"end":{"line":127,"column":1}}}},"branchMap":{"0":{"loc":{"start":{"line":34,"column":33},"end":{"line":34,"column":55}},"type":"default-arg","locations":[{"start":{"line":34,"column":53},"end":{"line":34,"column":55}}]},"1":{"loc":{"start":{"line":40,"column":12},"end":{"line":40,"column":30}},"type":"cond-expr","locations":[{"start":{"line":40,"column":24},"end":{"line":40,"column":28}},{"start":{"line":40,"column":28},"end":{"line":40,"column":30}}]},"2":{"loc":{"start":{"line":40,"column":12},"end":{"line":40,"column":28}},"type":"binary-expr","locations":[{"start":{"line":40,"column":12},"end":{"line":40,"column":28}},{"start":{"line":40,"column":24},"end":{"line":40,"column":28}}]},"3":{"loc":{"start":{"line":44,"column":4},"end":{"line":59,"column":5}},"type":"if","locations":[{"start":{"line":44,"column":4},"end":{"line":59,"column":5}}]},"4":{"loc":{"start":{"line":51,"column":6},"end":{"line":53,"column":7}},"type":"if","locations":[{"start":{"line":51,"column":6},"end":{"line":53,"column":7}}]},"5":{"loc":{"start":{"line":51,"column":10},"end":{"line":51,"column":26}},"type":"cond-expr","locations":[{"start":{"line":51,"column":17},"end":{"line":51,"column":19}},{"start":{"line":51,"column":10},"end":{"line":51,"column":26}}]},"6":{"loc":{"start":{"line":51,"column":10},"end":{"line":51,"column":19}},"type":"binary-expr","locations":[{"start":{"line":51,"column":10},"end":{"line":51,"column":19}},{"start":{"line":51,"column":10},"end":{"line":51,"column":19}}]},"7":{"loc":{"start":{"line":55,"column":8},"end":{"line":57,"column":34}},"type":"binary-expr","locations":[{"start":{"line":55,"column":8},"end":{"line":55,"column":31}},{"start":{"line":56,"column":8},"end":{"line":56,"column":24}},{"start":{"line":57,"column":8},"end":{"line":57,"column":34}}]},"8":{"loc":{"start":{"line":55,"column":8},"end":{"line":55,"column":31}},"type":"cond-expr","locations":[{"start":{"line":55,"column":22},"end":{"line":55,"column":24}},{"start":{"line":55,"column":22},"end":{"line":55,"column":31}}]},"9":{"loc":{"start":{"line":55,"column":8},"end":{"line":55,"column":24}},"type":"binary-expr","locations":[{"start":{"line":55,"column":8},"end":{"line":55,"column":24}},{"start":{"line":55,"column":22},"end":{"line":55,"column":24}}]},"10":{"loc":{"start":{"line":55,"column":8},"end":{"line":55,"column":22}},"type":"cond-expr","locations":[{"start":{"line":55,"column":15},"end":{"line":55,"column":17}},{"start":{"line":55,"column":8},"end":{"line":55,"column":22}}]},"11":{"loc":{"start":{"line":55,"column":8},"end":{"line":55,"column":17}},"type":"binary-expr","locations":[{"start":{"line":55,"column":8},"end":{"line":55,"column":17}},{"start":{"line":55,"column":8},"end":{"line":55,"column":17}}]},"12":{"loc":{"start":{"line":56,"column":8},"end":{"line":56,"column":24}},"type":"cond-expr","locations":[{"start":{"line":56,"column":15},"end":{"line":56,"column":17}},{"start":{"line":56,"column":8},"end":{"line":56,"column":24}}]},"13":{"loc":{"start":{"line":56,"column":8},"end":{"line":56,"column":17}},"type":"binary-expr","locations":[{"start":{"line":56,"column":8},"end":{"line":56,"column":17}},{"start":{"line":56,"column":8},"end":{"line":56,"column":17}}]},"14":{"loc":{"start":{"line":61,"column":4},"end":{"line":63,"column":5}},"type":"if","locations":[{"start":{"line":61,"column":4},"end":{"line":63,"column":5}}]},"15":{"loc":{"start":{"line":68,"column":36},"end":{"line":68,"column":58}},"type":"default-arg","locations":[{"start":{"line":68,"column":56},"end":{"line":68,"column":58}}]},"16":{"loc":{"start":{"line":73,"column":12},"end":{"line":73,"column":30}},"type":"cond-expr","locations":[{"start":{"line":73,"column":24},"end":{"line":73,"column":28}},{"start":{"line":73,"column":28},"end":{"line":73,"column":30}}]},"17":{"loc":{"start":{"line":73,"column":12},"end":{"line":73,"column":28}},"type":"binary-expr","locations":[{"start":{"line":73,"column":12},"end":{"line":73,"column":28}},{"start":{"line":73,"column":24},"end":{"line":73,"column":28}}]},"18":{"loc":{"start":{"line":77,"column":4},"end":{"line":92,"column":5}},"type":"if","locations":[{"start":{"line":77,"column":4},"end":{"line":92,"column":5}}]},"19":{"loc":{"start":{"line":84,"column":6},"end":{"line":86,"column":7}},"type":"if","locations":[{"start":{"line":84,"column":6},"end":{"line":86,"column":7}}]},"20":{"loc":{"start":{"line":84,"column":10},"end":{"line":84,"column":26}},"type":"cond-expr","locations":[{"start":{"line":84,"column":17},"end":{"line":84,"column":19}},{"start":{"line":84,"column":10},"end":{"line":84,"column":26}}]},"21":{"loc":{"start":{"line":84,"column":10},"end":{"line":84,"column":19}},"type":"binary-expr","locations":[{"start":{"line":84,"column":10},"end":{"line":84,"column":19}},{"start":{"line":84,"column":10},"end":{"line":84,"column":19}}]},"22":{"loc":{"start":{"line":88,"column":8},"end":{"line":90,"column":34}},"type":"binary-expr","locations":[{"start":{"line":88,"column":8},"end":{"line":88,"column":31}},{"start":{"line":89,"column":8},"end":{"line":89,"column":24}},{"start":{"line":90,"column":8},"end":{"line":90,"column":34}}]},"23":{"loc":{"start":{"line":88,"column":8},"end":{"line":88,"column":31}},"type":"cond-expr","locations":[{"start":{"line":88,"column":22},"end":{"line":88,"column":24}},{"start":{"line":88,"column":22},"end":{"line":88,"column":31}}]},"24":{"loc":{"start":{"line":88,"column":8},"end":{"line":88,"column":24}},"type":"binary-expr","locations":[{"start":{"line":88,"column":8},"end":{"line":88,"column":24}},{"start":{"line":88,"column":22},"end":{"line":88,"column":24}}]},"25":{"loc":{"start":{"line":88,"column":8},"end":{"line":88,"column":22}},"type":"cond-expr","locations":[{"start":{"line":88,"column":15},"end":{"line":88,"column":17}},{"start":{"line":88,"column":8},"end":{"line":88,"column":22}}]},"26":{"loc":{"start":{"line":88,"column":8},"end":{"line":88,"column":17}},"type":"binary-expr","locations":[{"start":{"line":88,"column":8},"end":{"line":88,"column":17}},{"start":{"line":88,"column":8},"end":{"line":88,"column":17}}]},"27":{"loc":{"start":{"line":89,"column":8},"end":{"line":89,"column":24}},"type":"cond-expr","locations":[{"start":{"line":89,"column":15},"end":{"line":89,"column":17}},{"start":{"line":89,"column":8},"end":{"line":89,"column":24}}]},"28":{"loc":{"start":{"line":89,"column":8},"end":{"line":89,"column":17}},"type":"binary-expr","locations":[{"start":{"line":89,"column":8},"end":{"line":89,"column":17}},{"start":{"line":89,"column":8},"end":{"line":89,"column":17}}]},"29":{"loc":{"start":{"line":100,"column":24},"end":{"line":100,"column":66}},"type":"cond-expr","locations":[{"start":{"line":100,"column":60},"end":{"line":100,"column":64}},{"start":{"line":100,"column":64},"end":{"line":100,"column":66}}]},"30":{"loc":{"start":{"line":100,"column":24},"end":{"line":100,"column":64}},"type":"binary-expr","locations":[{"start":{"line":100,"column":24},"end":{"line":100,"column":64}},{"start":{"line":100,"column":60},"end":{"line":100,"column":64}}]},"31":{"loc":{"start":{"line":101,"column":4},"end":{"line":103,"column":5}},"type":"if","locations":[{"start":{"line":101,"column":4},"end":{"line":103,"column":5}}]},"32":{"loc":{"start":{"line":114,"column":2},"end":{"line":116,"column":3}},"type":"if","locations":[{"start":{"line":114,"column":2},"end":{"line":116,"column":3}}]},"33":{"loc":{"start":{"line":119,"column":4},"end":{"line":120,"column":70}},"type":"cond-expr","locations":[{"start":{"line":119,"column":55},"end":{"line":119,"column":null}},{"start":{"line":120,"column":5},"end":{"line":120,"column":69}}]},"34":{"loc":{"start":{"line":119,"column":4},"end":{"line":119,"column":null}},"type":"binary-expr","locations":[{"start":{"line":119,"column":4},"end":{"line":119,"column":null}},{"start":{"line":119,"column":55},"end":{"line":119,"column":null}}]},"35":{"loc":{"start":{"line":120,"column":5},"end":{"line":120,"column":69}},"type":"cond-expr","locations":[{"start":{"line":120,"column":45},"end":{"line":120,"column":57}},{"start":{"line":120,"column":60},"end":{"line":120,"column":69}}]},"36":{"loc":{"start":{"line":122,"column":2},"end":{"line":124,"column":3}},"type":"if","locations":[{"start":{"line":122,"column":2},"end":{"line":124,"column":3}}]},"37":{"loc":{"start":{"line":122,"column":6},"end":{"line":122,"column":63}},"type":"binary-expr","locations":[{"start":{"line":122,"column":6},"end":{"line":122,"column":34}},{"start":{"line":122,"column":38},"end":{"line":122,"column":63}}]}},"s":{"0":1,"1":0,"2":0,"3":0,"4":0,"5":1,"6":0,"7":0,"8":0,"9":0,"10":0,"11":0,"12":0,"13":0,"14":0,"15":0,"16":0,"17":0,"18":0,"19":0,"20":0,"21":0,"22":0,"23":0,"24":0,"25":0,"26":0,"27":0,"28":0,"29":0,"30":0,"31":0,"32":0,"33":0,"34":1,"35":1,"36":0,"37":0,"38":0,"39":0,"40":0,"41":0,"42":0,"43":1},"f":{"0":0,"1":0,"2":0,"3":0,"4":0,"5":0},"b":{"0":[0],"1":[0,0],"2":[0,0],"3":[0],"4":[0],"5":[0,0],"6":[0,0],"7":[0,0,0],"8":[0,0],"9":[0,0],"10":[0,0],"11":[0,0],"12":[0,0],"13":[0,0],"14":[0],"15":[0],"16":[0,0],"17":[0,0],"18":[0],"19":[0],"20":[0,0],"21":[0,0],"22":[0,0,0],"23":[0,0],"24":[0,0],"25":[0,0],"26":[0,0],"27":[0,0],"28":[0,0],"29":[0,0],"30":[0,0],"31":[0],"32":[0],"33":[0,0],"34":[0,0],"35":[0,0],"36":[0],"37":[0,0]}}
,"C:\\Users\\PC\\Documents\\Projects\\lavirant-vc\\server\\db.ts": {"path":"C:\\Users\\PC\\Documents\\Projects\\lavirant-vc\\server\\db.ts","statementMap":{"0":{"start":{"line":26,"column":0},"end":{"line":26,"column":16}},"1":{"start":{"line":35,"column":0},"end":{"line":35,"column":7}},"2":{"start":{"line":1,"column":0},"end":{"line":1,"column":26}},"3":{"start":{"line":2,"column":0},"end":{"line":2,"column":52}},"4":{"start":{"line":3,"column":0},"end":{"line":3,"column":34}},"5":{"start":{"line":4,"column":0},"end":{"line":4,"column":38}},"6":{"start":{"line":5,"column":0},"end":{"line":5,"column":39}},"7":{"start":{"line":6,"column":0},"end":{"line":6,"column":46}},"8":{"start":{"line":8,"column":24},"end":{"line":8,"column":28}},"9":{"start":{"line":9,"column":52},"end":{"line":9,"column":56}},"10":{"start":{"line":12,"column":14},"end":{"line":12,"column":36}},"11":{"start":{"line":13,"column":2},"end":{"line":15,"column":3}},"12":{"start":{"line":14,"column":4},"end":{"line":14,"column":86}},"13":{"start":{"line":16,"column":2},"end":{"line":16,"column":13}},"14":{"start":{"line":20,"column":2},"end":{"line":22,"column":3}},"15":{"start":{"line":21,"column":4},"end":{"line":21,"column":60}},"16":{"start":{"line":23,"column":2},"end":{"line":23,"column":14}},"17":{"start":{"line":27,"column":2},"end":{"line":29,"column":3}},"18":{"start":{"line":28,"column":4},"end":{"line":28,"column":48}},"19":{"start":{"line":30,"column":2},"end":{"line":30,"column":20}},"20":{"start":{"line":33,"column":24},"end":{"line":33,"column":86}},"21":{"start":{"line":36,"column":15},"end":{"line":36,"column":24}},"22":{"start":{"line":37,"column":13},"end":{"line":37,"column":20}},"23":{"start":{"line":38,"column":2},"end":{"line":43,"column":3}},"24":{"start":{"line":39,"column":4},"end":{"line":39,"column":33}},"25":{"start":{"line":41,"column":4},"end":{"line":41,"column":65}},"26":{"start":{"line":42,"column":4},"end":{"line":42,"column":16}},"27":{"start":{"line":45,"column":17},"end":{"line":46,"column":null}},"28":{"start":{"line":48,"column":19},"end":{"line":48,"column":76}},"29":{"start":{"line":48,"column":52},"end":{"line":48,"column":74}},"30":{"start":{"line":49,"column":18},"end":{"line":49,"column":73}},"31":{"start":{"line":49,"column":52},"end":{"line":49,"column":72}},"32":{"start":{"line":51,"column":2},"end":{"line":53,"column":3}},"33":{"start":{"line":52,"column":4},"end":{"line":52,"column":99}},"34":{"start":{"line":55,"column":2},"end":{"line":55,"column":46}},"35":{"start":{"line":58,"column":2},"end":{"line":58,"column":34}},"36":{"start":{"line":60,"column":22},"end":{"line":60,"column":86}},"37":{"start":{"line":61,"column":2},"end":{"line":70,"column":3}},"38":{"start":{"line":62,"column":4},"end":{"line":68,"column":7}},"39":{"start":{"line":69,"column":4},"end":{"line":69,"column":47}}},"fnMap":{"0":{"name":"getDatabaseUrl","decl":{"start":{"line":11,"column":9},"end":{"line":11,"column":23}},"loc":{"start":{"line":11,"column":23},"end":{"line":17,"column":1}}},"1":{"name":"getPool","decl":{"start":{"line":19,"column":9},"end":{"line":19,"column":16}},"loc":{"start":{"line":19,"column":16},"end":{"line":24,"column":1}}},"2":{"name":"getDb","decl":{"start":{"line":26,"column":16},"end":{"line":26,"column":21}},"loc":{"start":{"line":26,"column":21},"end":{"line":31,"column":1}}},"3":{"name":"initializeDatabase","decl":{"start":{"line":35,"column":22},"end":{"line":35,"column":40}},"loc":{"start":{"line":35,"column":40},"end":{"line":71,"column":1}}},"4":{"name":"(anonymous_10)","decl":{"start":{"line":48,"column":43},"end":{"line":48,"column":44}},"loc":{"start":{"line":48,"column":52},"end":{"line":48,"column":74}}},"5":{"name":"(anonymous_11)","decl":{"start":{"line":49,"column":41},"end":{"line":49,"column":42}},"loc":{"start":{"line":49,"column":52},"end":{"line":49,"column":72}}}},"branchMap":{"0":{"loc":{"start":{"line":13,"column":2},"end":{"line":15,"column":3}},"type":"if","locations":[{"start":{"line":13,"column":2},"end":{"line":15,"column":3}}]},"1":{"loc":{"start":{"line":20,"column":2},"end":{"line":22,"column":3}},"type":"if","locations":[{"start":{"line":20,"column":2},"end":{"line":22,"column":3}}]},"2":{"loc":{"start":{"line":27,"column":2},"end":{"line":29,"column":3}},"type":"if","locations":[{"start":{"line":27,"column":2},"end":{"line":29,"column":3}}]},"3":{"loc":{"start":{"line":51,"column":2},"end":{"line":53,"column":3}},"type":"if","locations":[{"start":{"line":51,"column":2},"end":{"line":53,"column":3}}]},"4":{"loc":{"start":{"line":61,"column":2},"end":{"line":70,"column":3}},"type":"if","locations":[{"start":{"line":61,"column":2},"end":{"line":70,"column":3}}]}},"s":{"0":1,"1":1,"2":1,"3":1,"4":1,"5":1,"6":1,"7":1,"8":1,"9":1,"10":0,"11":0,"12":0,"13":0,"14":0,"15":0,"16":0,"17":0,"18":0,"19":0,"20":1,"21":0,"22":0,"23":0,"24":0,"25":0,"26":0,"27":0,"28":0,"29":0,"30":0,"31":0,"32":0,"33":0,"34":0,"35":0,"36":0,"37":0,"38":0,"39":0},"f":{"0":0,"1":0,"2":0,"3":0,"4":0,"5":0},"b":{"0":[0],"1":[0],"2":[0],"3":[0],"4":[0]}}
,"C:\\Users\\PC\\Documents\\Projects\\lavirant-vc\\server\\storage.ts": {"path":"C:\\Users\\PC\\Documents\\Projects\\lavirant-vc\\server\\storage.ts","statementMap":{"0":{"start":{"line":1,"column":0},"end":{"line":1,"column":null}},"1":{"start":{"line":16,"column":0},"end":{"line":16,"column":29}},"2":{"start":{"line":18,"column":0},"end":{"line":18,"column":78}},"3":{"start":{"line":19,"column":0},"end":{"line":19,"column":72}},"4":{"start":{"line":20,"column":0},"end":{"line":20,"column":52}},"5":{"start":{"line":64,"column":4},"end":{"line":64,"column":19}},"6":{"start":{"line":68,"column":19},"end":{"line":68,"column":86}},"7":{"start":{"line":69,"column":4},"end":{"line":69,"column":21}},"8":{"start":{"line":73,"column":19},"end":{"line":73,"column":98}},"9":{"start":{"line":74,"column":4},"end":{"line":74,"column":21}},"10":{"start":{"line":78,"column":19},"end":{"line":78,"column":77}},"11":{"start":{"line":79,"column":4},"end":{"line":79,"column":21}},"12":{"start":{"line":83,"column":4},"end":{"line":83,"column":43}},"13":{"start":{"line":87,"column":19},"end":{"line":87,"column":92}},"14":{"start":{"line":88,"column":4},"end":{"line":88,"column":21}},"15":{"start":{"line":92,"column":19},"end":{"line":92,"column":83}},"16":{"start":{"line":93,"column":4},"end":{"line":93,"column":21}},"17":{"start":{"line":97,"column":16},"end":{"line":116,"column":null}},"18":{"start":{"line":119,"column":19},"end":{"line":119,"column":74}},"19":{"start":{"line":120,"column":4},"end":{"line":120,"column":79}},"20":{"start":{"line":121,"column":4},"end":{"line":121,"column":21}},"21":{"start":{"line":125,"column":19},"end":{"line":125,"column":88}},"22":{"start":{"line":126,"column":4},"end":{"line":126,"column":21}},"23":{"start":{"line":130,"column":19},"end":{"line":130,"column":96}},"24":{"start":{"line":131,"column":4},"end":{"line":131,"column":21}},"25":{"start":{"line":135,"column":19},"end":{"line":139,"column":15}},"26":{"start":{"line":140,"column":4},"end":{"line":140,"column":21}},"27":{"start":{"line":144,"column":4},"end":{"line":144,"column":74}},"28":{"start":{"line":148,"column":4},"end":{"line":159,"column":8}},"29":{"start":{"line":163,"column":17},"end":{"line":163,"column":39}},"30":{"start":{"line":164,"column":18},"end":{"line":164,"column":63}},"31":{"start":{"line":165,"column":19},"end":{"line":165,"column":41}},"32":{"start":{"line":167,"column":19},"end":{"line":171,"column":6}},"33":{"start":{"line":173,"column":20},"end":{"line":173,"column":46}},"34":{"start":{"line":174,"column":17},"end":{"line":174,"column":28}},"35":{"start":{"line":175,"column":21},"end":{"line":175,"column":47}},"36":{"start":{"line":176,"column":4},"end":{"line":176,"column":45}},"37":{"start":{"line":180,"column":19},"end":{"line":180,"column":131}},"38":{"start":{"line":181,"column":4},"end":{"line":181,"column":30}},"39":{"start":{"line":185,"column":4},"end":{"line":194,"column":7}},"40":{"start":{"line":198,"column":19},"end":{"line":207,"column":18}},"41":{"start":{"line":209,"column":4},"end":{"line":213,"column":7}},"42":{"start":{"line":215,"column":4},"end":{"line":215,"column":21}},"43":{"start":{"line":219,"column":19},"end":{"line":219,"column":102}},"44":{"start":{"line":220,"column":4},"end":{"line":220,"column":21}},"45":{"start":{"line":224,"column":19},"end":{"line":224,"column":104}},"46":{"start":{"line":225,"column":4},"end":{"line":225,"column":21}},"47":{"start":{"line":62,"column":0},"end":{"line":62,"column":13}},"48":{"start":{"line":229,"column":13},"end":{"line":229,"column":39}}},"fnMap":{"0":{"name":"(anonymous_0)","decl":{"start":{"line":63,"column":2},"end":{"line":63,"column":14}},"loc":{"start":{"line":63,"column":16},"end":{"line":65,"column":3}}},"1":{"name":"(anonymous_1)","decl":{"start":{"line":67,"column":2},"end":{"line":67,"column":7}},"loc":{"start":{"line":67,"column":26},"end":{"line":70,"column":3}}},"2":{"name":"(anonymous_2)","decl":{"start":{"line":72,"column":2},"end":{"line":72,"column":7}},"loc":{"start":{"line":72,"column":42},"end":{"line":75,"column":3}}},"3":{"name":"(anonymous_3)","decl":{"start":{"line":77,"column":2},"end":{"line":77,"column":7}},"loc":{"start":{"line":77,"column":41},"end":{"line":80,"column":3}}},"4":{"name":"(anonymous_4)","decl":{"start":{"line":82,"column":2},"end":{"line":82,"column":7}},"loc":{"start":{"line":82,"column":22},"end":{"line":84,"column":3}}},"5":{"name":"(anonymous_5)","decl":{"start":{"line":86,"column":2},"end":{"line":86,"column":7}},"loc":{"start":{"line":86,"column":29},"end":{"line":89,"column":3}}},"6":{"name":"(anonymous_6)","decl":{"start":{"line":91,"column":2},"end":{"line":91,"column":7}},"loc":{"start":{"line":91,"column":50},"end":{"line":94,"column":3}}},"7":{"name":"(anonymous_7)","decl":{"start":{"line":96,"column":2},"end":{"line":96,"column":7}},"loc":{"start":{"line":96,"column":44},"end":{"line":122,"column":3}}},"8":{"name":"(anonymous_8)","decl":{"start":{"line":124,"column":2},"end":{"line":124,"column":7}},"loc":{"start":{"line":124,"column":27},"end":{"line":127,"column":3}}},"9":{"name":"(anonymous_9)","decl":{"start":{"line":129,"column":2},"end":{"line":129,"column":7}},"loc":{"start":{"line":129,"column":54},"end":{"line":132,"column":3}}},"10":{"name":"(anonymous_10)","decl":{"start":{"line":134,"column":2},"end":{"line":134,"column":7}},"loc":{"start":{"line":134,"column":59},"end":{"line":141,"column":3}}},"11":{"name":"(anonymous_11)","decl":{"start":{"line":143,"column":2},"end":{"line":143,"column":7}},"loc":{"start":{"line":143,"column":46},"end":{"line":145,"column":3}}},"12":{"name":"(anonymous_12)","decl":{"start":{"line":147,"column":2},"end":{"line":147,"column":7}},"loc":{"start":{"line":147,"column":36},"end":{"line":160,"column":3}}},"13":{"name":"(anonymous_13)","decl":{"start":{"line":162,"column":2},"end":{"line":162,"column":7}},"loc":{"start":{"line":162,"column":43},"end":{"line":177,"column":3}}},"14":{"name":"(anonymous_14)","decl":{"start":{"line":179,"column":2},"end":{"line":179,"column":7}},"loc":{"start":{"line":179,"column":48},"end":{"line":182,"column":3}}},"15":{"name":"(anonymous_15)","decl":{"start":{"line":184,"column":2},"end":{"line":184,"column":7}},"loc":{"start":{"line":184,"column":52},"end":{"line":195,"column":3}}},"16":{"name":"(anonymous_16)","decl":{"start":{"line":197,"column":2},"end":{"line":197,"column":7}},"loc":{"start":{"line":197,"column":53},"end":{"line":216,"column":3}}},"17":{"name":"(anonymous_17)","decl":{"start":{"line":218,"column":2},"end":{"line":218,"column":7}},"loc":{"start":{"line":218,"column":60},"end":{"line":221,"column":3}}},"18":{"name":"(anonymous_18)","decl":{"start":{"line":223,"column":2},"end":{"line":223,"column":7}},"loc":{"start":{"line":223,"column":44},"end":{"line":226,"column":3}}}},"branchMap":{"0":{"loc":{"start":{"line":99,"column":14},"end":{"line":99,"column":40}},"type":"cond-expr","locations":[{"start":{"line":99,"column":32},"end":{"line":99,"column":36}},{"start":{"line":99,"column":36},"end":{"line":99,"column":40}}]},"1":{"loc":{"start":{"line":99,"column":14},"end":{"line":99,"column":36}},"type":"binary-expr","locations":[{"start":{"line":99,"column":14},"end":{"line":99,"column":36}},{"start":{"line":99,"column":32},"end":{"line":99,"column":36}}]},"2":{"loc":{"start":{"line":100,"column":17},"end":{"line":100,"column":46}},"type":"cond-expr","locations":[{"start":{"line":100,"column":38},"end":{"line":100,"column":42}},{"start":{"line":100,"column":42},"end":{"line":100,"column":46}}]},"3":{"loc":{"start":{"line":100,"column":17},"end":{"line":100,"column":42}},"type":"binary-expr","locations":[{"start":{"line":100,"column":17},"end":{"line":100,"column":42}},{"start":{"line":100,"column":38},"end":{"line":100,"column":42}}]},"4":{"loc":{"start":{"line":101,"column":20},"end":{"line":101,"column":49}},"type":"cond-expr","locations":[{"start":{"line":101,"column":44},"end":{"line":101,"column":48}},{"start":{"line":101,"column":48},"end":{"line":101,"column":49}}]},"5":{"loc":{"start":{"line":101,"column":20},"end":{"line":101,"column":48}},"type":"binary-expr","locations":[{"start":{"line":101,"column":20},"end":{"line":101,"column":48}},{"start":{"line":101,"column":44},"end":{"line":101,"column":48}}]},"6":{"loc":{"start":{"line":102,"column":22},"end":{"line":102,"column":56}},"type":"cond-expr","locations":[{"start":{"line":102,"column":48},"end":{"line":102,"column":52}},{"start":{"line":102,"column":52},"end":{"line":102,"column":56}}]},"7":{"loc":{"start":{"line":102,"column":22},"end":{"line":102,"column":52}},"type":"binary-expr","locations":[{"start":{"line":102,"column":22},"end":{"line":102,"column":52}},{"start":{"line":102,"column":48},"end":{"line":102,"column":52}}]},"8":{"loc":{"start":{"line":103,"column":23},"end":{"line":103,"column":58}},"type":"cond-expr","locations":[{"start":{"line":103,"column":50},"end":{"line":103,"column":54}},{"start":{"line":103,"column":54},"end":{"line":103,"column":58}}]},"9":{"loc":{"start":{"line":103,"column":23},"end":{"line":103,"column":54}},"type":"binary-expr","locations":[{"start":{"line":103,"column":23},"end":{"line":103,"column":54}},{"start":{"line":103,"column":50},"end":{"line":103,"column":54}}]},"10":{"loc":{"start":{"line":104,"column":18},"end":{"line":104,"column":48}},"type":"cond-expr","locations":[{"start":{"line":104,"column":40},"end":{"line":104,"column":44}},{"start":{"line":104,"column":44},"end":{"line":104,"column":48}}]},"11":{"loc":{"start":{"line":104,"column":18},"end":{"line":104,"column":44}},"type":"binary-expr","locations":[{"start":{"line":104,"column":18},"end":{"line":104,"column":44}},{"start":{"line":104,"column":40},"end":{"line":104,"column":44}}]},"12":{"loc":{"start":{"line":105,"column":22},"end":{"line":105,"column":56}},"type":"cond-expr","locations":[{"start":{"line":105,"column":48},"end":{"line":105,"column":52}},{"start":{"line":105,"column":52},"end":{"line":105,"column":56}}]},"13":{"loc":{"start":{"line":105,"column":22},"end":{"line":105,"column":52}},"type":"binary-expr","locations":[{"start":{"line":105,"column":22},"end":{"line":105,"column":52}},{"start":{"line":105,"column":48},"end":{"line":105,"column":52}}]},"14":{"loc":{"start":{"line":106,"column":22},"end":{"line":106,"column":56}},"type":"cond-expr","locations":[{"start":{"line":106,"column":48},"end":{"line":106,"column":52}},{"start":{"line":106,"column":52},"end":{"line":106,"column":56}}]},"15":{"loc":{"start":{"line":106,"column":22},"end":{"line":106,"column":52}},"type":"binary-expr","locations":[{"start":{"line":106,"column":22},"end":{"line":106,"column":52}},{"start":{"line":106,"column":48},"end":{"line":106,"column":52}}]},"16":{"loc":{"start":{"line":107,"column":22},"end":{"line":107,"column":57}},"type":"cond-expr","locations":[{"start":{"line":107,"column":48},"end":{"line":107,"column":52}},{"start":{"line":107,"column":52},"end":{"line":107,"column":57}}]},"17":{"loc":{"start":{"line":107,"column":22},"end":{"line":107,"column":52}},"type":"binary-expr","locations":[{"start":{"line":107,"column":22},"end":{"line":107,"column":52}},{"start":{"line":107,"column":48},"end":{"line":107,"column":52}}]},"18":{"loc":{"start":{"line":108,"column":23},"end":{"line":108,"column":58}},"type":"cond-expr","locations":[{"start":{"line":108,"column":50},"end":{"line":108,"column":54}},{"start":{"line":108,"column":54},"end":{"line":108,"column":58}}]},"19":{"loc":{"start":{"line":108,"column":23},"end":{"line":108,"column":54}},"type":"binary-expr","locations":[{"start":{"line":108,"column":23},"end":{"line":108,"column":54}},{"start":{"line":108,"column":50},"end":{"line":108,"column":54}}]},"20":{"loc":{"start":{"line":109,"column":23},"end":{"line":109,"column":58}},"type":"cond-expr","locations":[{"start":{"line":109,"column":50},"end":{"line":109,"column":54}},{"start":{"line":109,"column":54},"end":{"line":109,"column":58}}]},"21":{"loc":{"start":{"line":109,"column":23},"end":{"line":109,"column":54}},"type":"binary-expr","locations":[{"start":{"line":109,"column":23},"end":{"line":109,"column":54}},{"start":{"line":109,"column":50},"end":{"line":109,"column":54}}]},"22":{"loc":{"start":{"line":110,"column":24},"end":{"line":110,"column":60}},"type":"cond-expr","locations":[{"start":{"line":110,"column":52},"end":{"line":110,"column":56}},{"start":{"line":110,"column":56},"end":{"line":110,"column":60}}]},"23":{"loc":{"start":{"line":110,"column":24},"end":{"line":110,"column":56}},"type":"binary-expr","locations":[{"start":{"line":110,"column":24},"end":{"line":110,"column":56}},{"start":{"line":110,"column":52},"end":{"line":110,"column":56}}]},"24":{"loc":{"start":{"line":111,"column":24},"end":{"line":111,"column":60}},"type":"cond-expr","locations":[{"start":{"line":111,"column":52},"end":{"line":111,"column":56}},{"start":{"line":111,"column":56},"end":{"line":111,"column":60}}]},"25":{"loc":{"start":{"line":111,"column":24},"end":{"line":111,"column":56}},"type":"binary-expr","locations":[{"start":{"line":111,"column":24},"end":{"line":111,"column":56}},{"start":{"line":111,"column":52},"end":{"line":111,"column":56}}]},"26":{"loc":{"start":{"line":112,"column":26},"end":{"line":112,"column":64}},"type":"cond-expr","locations":[{"start":{"line":112,"column":56},"end":{"line":112,"column":60}},{"start":{"line":112,"column":60},"end":{"line":112,"column":64}}]},"27":{"loc":{"start":{"line":112,"column":26},"end":{"line":112,"column":60}},"type":"binary-expr","locations":[{"start":{"line":112,"column":26},"end":{"line":112,"column":60}},{"start":{"line":112,"column":56},"end":{"line":112,"column":60}}]},"28":{"loc":{"start":{"line":113,"column":21},"end":{"line":113,"column":54}},"type":"cond-expr","locations":[{"start":{"line":113,"column":46},"end":{"line":113,"column":50}},{"start":{"line":113,"column":50},"end":{"line":113,"column":54}}]},"29":{"loc":{"start":{"line":113,"column":21},"end":{"line":113,"column":50}},"type":"binary-expr","locations":[{"start":{"line":113,"column":21},"end":{"line":113,"column":50}},{"start":{"line":113,"column":46},"end":{"line":113,"column":50}}]},"30":{"loc":{"start":{"line":114,"column":22},"end":{"line":114,"column":56}},"type":"cond-expr","locations":[{"start":{"line":114,"column":48},"end":{"line":114,"column":52}},{"start":{"line":114,"column":52},"end":{"line":114,"column":56}}]},"31":{"loc":{"start":{"line":114,"column":22},"end":{"line":114,"column":52}},"type":"binary-expr","locations":[{"start":{"line":114,"column":22},"end":{"line":114,"column":52}},{"start":{"line":114,"column":48},"end":{"line":114,"column":52}}]},"32":{"loc":{"start":{"line":115,"column":23},"end":{"line":115,"column":58}},"type":"cond-expr","locations":[{"start":{"line":115,"column":50},"end":{"line":115,"column":54}},{"start":{"line":115,"column":54},"end":{"line":115,"column":58}}]},"33":{"loc":{"start":{"line":115,"column":23},"end":{"line":115,"column":54}},"type":"binary-expr","locations":[{"start":{"line":115,"column":23},"end":{"line":115,"column":54}},{"start":{"line":115,"column":50},"end":{"line":115,"column":54}}]},"34":{"loc":{"start":{"line":116,"column":19},"end":{"line":116,"column":50}},"type":"cond-expr","locations":[{"start":{"line":116,"column":42},"end":{"line":116,"column":46}},{"start":{"line":116,"column":46},"end":{"line":116,"column":50}}]},"35":{"loc":{"start":{"line":116,"column":19},"end":{"line":116,"column":46}},"type":"binary-expr","locations":[{"start":{"line":116,"column":19},"end":{"line":116,"column":46}},{"start":{"line":116,"column":42},"end":{"line":116,"column":46}}]},"36":{"loc":{"start":{"line":173,"column":20},"end":{"line":173,"column":46}},"type":"cond-expr","locations":[{"start":{"line":173,"column":41},"end":{"line":173,"column":45}},{"start":{"line":173,"column":45},"end":{"line":173,"column":46}}]},"37":{"loc":{"start":{"line":173,"column":20},"end":{"line":173,"column":45}},"type":"binary-expr","locations":[{"start":{"line":173,"column":20},"end":{"line":173,"column":45}},{"start":{"line":173,"column":41},"end":{"line":173,"column":45}}]},"38":{"loc":{"start":{"line":173,"column":20},"end":{"line":173,"column":41}},"type":"cond-expr","locations":[{"start":{"line":173,"column":36},"end":{"line":173,"column":38}},{"start":{"line":173,"column":36},"end":{"line":173,"column":41}}]},"39":{"loc":{"start":{"line":173,"column":20},"end":{"line":173,"column":38}},"type":"binary-expr","locations":[{"start":{"line":173,"column":20},"end":{"line":173,"column":38}},{"start":{"line":173,"column":36},"end":{"line":173,"column":38}}]},"40":{"loc":{"start":{"line":173,"column":20},"end":{"line":173,"column":36}},"type":"cond-expr","locations":[{"start":{"line":173,"column":31},"end":{"line":173,"column":34}},{"start":{"line":173,"column":31},"end":{"line":173,"column":36}}]},"41":{"loc":{"start":{"line":173,"column":20},"end":{"line":173,"column":34}},"type":"binary-expr","locations":[{"start":{"line":173,"column":20},"end":{"line":173,"column":34}},{"start":{"line":173,"column":31},"end":{"line":173,"column":34}}]},"42":{"loc":{"start":{"line":190,"column":24},"end":{"line":190,"column":54}},"type":"cond-expr","locations":[{"start":{"line":190,"column":46},"end":{"line":190,"column":50}},{"start":{"line":190,"column":50},"end":{"line":190,"column":54}}]},"43":{"loc":{"start":{"line":190,"column":24},"end":{"line":190,"column":50}},"type":"binary-expr","locations":[{"start":{"line":190,"column":24},"end":{"line":190,"column":50}},{"start":{"line":190,"column":46},"end":{"line":190,"column":50}}]},"44":{"loc":{"start":{"line":191,"column":15},"end":{"line":191,"column":36}},"type":"cond-expr","locations":[{"start":{"line":191,"column":28},"end":{"line":191,"column":32}},{"start":{"line":191,"column":32},"end":{"line":191,"column":36}}]},"45":{"loc":{"start":{"line":191,"column":15},"end":{"line":191,"column":32}},"type":"binary-expr","locations":[{"start":{"line":191,"column":15},"end":{"line":191,"column":32}},{"start":{"line":191,"column":28},"end":{"line":191,"column":32}}]},"46":{"loc":{"start":{"line":202,"column":25},"end":{"line":202,"column":63}},"type":"cond-expr","locations":[{"start":{"line":202,"column":55},"end":{"line":202,"column":59}},{"start":{"line":202,"column":59},"end":{"line":202,"column":63}}]},"47":{"loc":{"start":{"line":202,"column":25},"end":{"line":202,"column":59}},"type":"binary-expr","locations":[{"start":{"line":202,"column":25},"end":{"line":202,"column":59}},{"start":{"line":202,"column":55},"end":{"line":202,"column":59}}]},"48":{"loc":{"start":{"line":203,"column":18},"end":{"line":203,"column":49}},"type":"cond-expr","locations":[{"start":{"line":203,"column":41},"end":{"line":203,"column":45}},{"start":{"line":203,"column":45},"end":{"line":203,"column":49}}]},"49":{"loc":{"start":{"line":203,"column":18},"end":{"line":203,"column":45}},"type":"binary-expr","locations":[{"start":{"line":203,"column":18},"end":{"line":203,"column":45}},{"start":{"line":203,"column":41},"end":{"line":203,"column":45}}]},"50":{"loc":{"start":{"line":204,"column":18},"end":{"line":204,"column":49}},"type":"cond-expr","locations":[{"start":{"line":204,"column":41},"end":{"line":204,"column":45}},{"start":{"line":204,"column":45},"end":{"line":204,"column":49}}]},"51":{"loc":{"start":{"line":204,"column":18},"end":{"line":204,"column":45}},"type":"binary-expr","locations":[{"start":{"line":204,"column":18},"end":{"line":204,"column":45}},{"start":{"line":204,"column":41},"end":{"line":204,"column":45}}]},"52":{"loc":{"start":{"line":205,"column":19},"end":{"line":205,"column":51}},"type":"cond-expr","locations":[{"start":{"line":205,"column":43},"end":{"line":205,"column":47}},{"start":{"line":205,"column":47},"end":{"line":205,"column":51}}]},"53":{"loc":{"start":{"line":205,"column":19},"end":{"line":205,"column":47}},"type":"binary-expr","locations":[{"start":{"line":205,"column":19},"end":{"line":205,"column":47}},{"start":{"line":205,"column":43},"end":{"line":205,"column":47}}]}},"s":{"0":1,"1":1,"2":1,"3":1,"4":1,"5":0,"6":0,"7":0,"8":0,"9":0,"10":0,"11":0,"12":0,"13":0,"14":0,"15":0,"16":0,"17":0,"18":0,"19":0,"20":0,"21":0,"22":0,"23":0,"24":0,"25":0,"26":0,"27":0,"28":0,"29":0,"30":0,"31":0,"32":0,"33":0,"34":0,"35":0,"36":0,"37":0,"38":0,"39":0,"40":0,"41":0,"42":0,"43":0,"44":0,"45":0,"46":0,"47":1,"48":1},"f":{"0":0,"1":0,"2":0,"3":0,"4":0,"5":0,"6":0,"7":0,"8":0,"9":0,"10":0,"11":0,"12":0,"13":0,"14":0,"15":0,"16":0,"17":0,"18":0},"b":{"0":[0,0],"1":[0,0],"2":[0,0],"3":[0,0],"4":[0,0],"5":[0,0],"6":[0,0],"7":[0,0],"8":[0,0],"9":[0,0],"10":[0,0],"11":[0,0],"12":[0,0],"13":[0,0],"14":[0,0],"15":[0,0],"16":[0,0],"17":[0,0],"18":[0,0],"19":[0,0],"20":[0,0],"21":[0,0],"22":[0,0],"23":[0,0],"24":[0,0],"25":[0,0],"26":[0,0],"27":[0,0],"28":[0,0],"29":[0,0],"30":[0,0],"31":[0,0],"32":[0,0],"33":[0,0],"34":[0,0],"35":[0,0],"36":[0,0],"37":[0,0],"38":[0,0],"39":[0,0],"40":[0,0],"41":[0,0],"42":[0,0],"43":[0,0],"44":[0,0],"45":[0,0],"46":[0,0],"47":[0,0],"48":[0,0],"49":[0,0],"50":[0,0],"51":[0,0],"52":[0,0],"53":[0,0]}}
,"C:\\Users\\PC\\Documents\\Projects\\lavirant-vc\\server\\config\\environment.ts": {"path":"C:\\Users\\PC\\Documents\\Projects\\lavirant-vc\\server\\config\\environment.ts","statementMap":{"0":{"start":{"line":220,"column":0},"end":{"line":220,"column":16}},"1":{"start":{"line":249,"column":0},"end":{"line":249,"column":16}},"2":{"start":{"line":256,"column":0},"end":{"line":256,"column":16}},"3":{"start":{"line":260,"column":0},"end":{"line":260,"column":16}},"4":{"start":{"line":264,"column":0},"end":{"line":264,"column":16}},"5":{"start":{"line":1,"column":0},"end":{"line":1,"column":24}},"6":{"start":{"line":2,"column":0},"end":{"line":2,"column":25}},"7":{"start":{"line":3,"column":0},"end":{"line":3,"column":28}},"8":{"start":{"line":12,"column":13},"end":{"line":12,"column":65}},"9":{"start":{"line":13,"column":14},"end":{"line":13,"column":32}},"10":{"start":{"line":14,"column":23},"end":{"line":14,"column":40}},"11":{"start":{"line":15,"column":12},"end":{"line":15,"column":28}},"12":{"start":{"line":16,"column":22},"end":{"line":16,"column":80}},"13":{"start":{"line":16,"column":65},"end":{"line":16,"column":79}},"14":{"start":{"line":17,"column":16},"end":{"line":17,"column":95}},"15":{"start":{"line":19,"column":13},"end":{"line":72,"column":11}},"16":{"start":{"line":83,"column":10},"end":{"line":83,"column":42}},"17":{"start":{"line":86,"column":4},"end":{"line":98,"column":5}},"18":{"start":{"line":87,"column":6},"end":{"line":87,"column":82}},"19":{"start":{"line":88,"column":6},"end":{"line":88,"column":55}},"20":{"start":{"line":89,"column":6},"end":{"line":89,"column":23}},"21":{"start":{"line":91,"column":6},"end":{"line":96,"column":7}},"22":{"start":{"line":92,"column":8},"end":{"line":92,"column":58}},"23":{"start":{"line":93,"column":8},"end":{"line":95,"column":11}},"24":{"start":{"line":94,"column":10},"end":{"line":94,"column":69}},"25":{"start":{"line":97,"column":6},"end":{"line":97,"column":66}},"26":{"start":{"line":102,"column":4},"end":{"line":102,"column":21}},"27":{"start":{"line":103,"column":4},"end":{"line":103,"column":23}},"28":{"start":{"line":107,"column":4},"end":{"line":109,"column":5}},"29":{"start":{"line":108,"column":6},"end":{"line":108,"column":18}},"30":{"start":{"line":110,"column":4},"end":{"line":110,"column":27}},"31":{"start":{"line":115,"column":10},"end":{"line":115,"column":42}},"32":{"start":{"line":116,"column":10},"end":{"line":116,"column":38}},"33":{"start":{"line":119,"column":4},"end":{"line":122,"column":21}},"34":{"start":{"line":126,"column":24},"end":{"line":126,"column":53}},"35":{"start":{"line":128,"column":4},"end":{"line":130,"column":5}},"36":{"start":{"line":129,"column":6},"end":{"line":129,"column":23}},"37":{"start":{"line":132,"column":4},"end":{"line":144,"column":5}},"38":{"start":{"line":133,"column":6},"end":{"line":133,"column":55}},"39":{"start":{"line":134,"column":6},"end":{"line":134,"column":31}},"40":{"start":{"line":135,"column":6},"end":{"line":135,"column":23}},"41":{"start":{"line":137,"column":6},"end":{"line":142,"column":7}},"42":{"start":{"line":138,"column":8},"end":{"line":138,"column":58}},"43":{"start":{"line":139,"column":8},"end":{"line":141,"column":11}},"44":{"start":{"line":140,"column":10},"end":{"line":140,"column":69}},"45":{"start":{"line":143,"column":6},"end":{"line":143,"column":66}},"46":{"start":{"line":148,"column":4},"end":{"line":148,"column":21}},"47":{"start":{"line":149,"column":4},"end":{"line":149,"column":22}},"48":{"start":{"line":150,"column":4},"end":{"line":150,"column":23}},"49":{"start":{"line":154,"column":4},"end":{"line":156,"column":5}},"50":{"start":{"line":155,"column":6},"end":{"line":155,"column":18}},"51":{"start":{"line":157,"column":4},"end":{"line":157,"column":27}},"52":{"start":{"line":165,"column":12},"end":{"line":165,"column":31}},"53":{"start":{"line":166,"column":12},"end":{"line":166,"column":33}},"54":{"start":{"line":162,"column":10},"end":{"line":162,"column":42}},"55":{"start":{"line":170,"column":18},"end":{"line":170,"column":33}},"56":{"start":{"line":171,"column":15},"end":{"line":171,"column":43}},"57":{"start":{"line":172,"column":22},"end":{"line":172,"column":50}},"58":{"start":{"line":173,"column":21},"end":{"line":176,"column":null}},"59":{"start":{"line":179,"column":20},"end":{"line":179,"column":46}},"60":{"start":{"line":180,"column":4},"end":{"line":180,"column":61}},"61":{"start":{"line":181,"column":4},"end":{"line":181,"column":32}},"62":{"start":{"line":185,"column":4},"end":{"line":187,"column":5}},"63":{"start":{"line":186,"column":6},"end":{"line":186,"column":69}},"64":{"start":{"line":189,"column":4},"end":{"line":204,"column":5}},"65":{"start":{"line":190,"column":28},"end":{"line":190,"column":70}},"66":{"start":{"line":191,"column":28},"end":{"line":191,"column":55}},"67":{"start":{"line":192,"column":22},"end":{"line":192,"column":47}},"68":{"start":{"line":194,"column":6},"end":{"line":194,"column":51}},"69":{"start":{"line":195,"column":6},"end":{"line":195,"column":23}},"70":{"start":{"line":197,"column":6},"end":{"line":202,"column":7}},"71":{"start":{"line":198,"column":8},"end":{"line":198,"column":58}},"72":{"start":{"line":199,"column":8},"end":{"line":201,"column":11}},"73":{"start":{"line":200,"column":10},"end":{"line":200,"column":69}},"74":{"start":{"line":203,"column":6},"end":{"line":203,"column":76}},"75":{"start":{"line":208,"column":4},"end":{"line":208,"column":21}},"76":{"start":{"line":209,"column":4},"end":{"line":209,"column":23}},"77":{"start":{"line":213,"column":4},"end":{"line":215,"column":5}},"78":{"start":{"line":214,"column":6},"end":{"line":214,"column":18}},"79":{"start":{"line":216,"column":4},"end":{"line":216,"column":27}},"80":{"start":{"line":221,"column":18},"end":{"line":221,"column":55}},"81":{"start":{"line":223,"column":2},"end":{"line":244,"column":3}},"82":{"start":{"line":225,"column":6},"end":{"line":225,"column":44}},"83":{"start":{"line":229,"column":6},"end":{"line":229,"column":43}},"84":{"start":{"line":232,"column":26},"end":{"line":232,"column":50}},"85":{"start":{"line":233,"column":28},"end":{"line":233,"column":54}},"86":{"start":{"line":235,"column":6},"end":{"line":237,"column":7}},"87":{"start":{"line":236,"column":8},"end":{"line":236,"column":74}},"88":{"start":{"line":239,"column":6},"end":{"line":239,"column":43}},"89":{"start":{"line":243,"column":6},"end":{"line":243,"column":43}},"90":{"start":{"line":247,"column":46},"end":{"line":247,"column":50}},"91":{"start":{"line":250,"column":2},"end":{"line":252,"column":3}},"92":{"start":{"line":251,"column":4},"end":{"line":251,"column":46}},"93":{"start":{"line":253,"column":2},"end":{"line":253,"column":23}},"94":{"start":{"line":257,"column":2},"end":{"line":257,"column":39}},"95":{"start":{"line":261,"column":2},"end":{"line":261,"column":41}},"96":{"start":{"line":265,"column":2},"end":{"line":265,"column":23}}},"fnMap":{"0":{"name":"(anonymous_7)","decl":{"start":{"line":16,"column":58},"end":{"line":16,"column":61}},"loc":{"start":{"line":16,"column":65},"end":{"line":16,"column":79}}},"1":{"name":"(anonymous_8)","decl":{"start":{"line":82,"column":0},"end":{"line":82,"column":6}},"loc":{"start":{"line":82,"column":0},"end":{"line":112,"column":1}}},"2":{"name":"(anonymous_9)","decl":{"start":{"line":85,"column":2},"end":{"line":85,"column":6}},"loc":{"start":{"line":85,"column":6},"end":{"line":99,"column":3}}},"3":{"name":"(anonymous_10)","decl":{"start":{"line":93,"column":29},"end":{"line":93,"column":30}},"loc":{"start":{"line":93,"column":37},"end":{"line":95,"column":9}}},"4":{"name":"(anonymous_11)","decl":{"start":{"line":101,"column":2},"end":{"line":101,"column":8}},"loc":{"start":{"line":101,"column":8},"end":{"line":104,"column":3}}},"5":{"name":"(anonymous_12)","decl":{"start":{"line":106,"column":2},"end":{"line":106,"column":5}},"loc":{"start":{"line":106,"column":41},"end":{"line":111,"column":3}}},"6":{"name":"(anonymous_13)","decl":{"start":{"line":114,"column":0},"end":{"line":114,"column":6}},"loc":{"start":{"line":114,"column":0},"end":{"line":159,"column":1}}},"7":{"name":"(anonymous_14)","decl":{"start":{"line":118,"column":10},"end":{"line":118,"column":21}},"loc":{"start":{"line":118,"column":44},"end":{"line":123,"column":3}}},"8":{"name":"(anonymous_15)","decl":{"start":{"line":125,"column":2},"end":{"line":125,"column":6}},"loc":{"start":{"line":125,"column":6},"end":{"line":145,"column":3}}},"9":{"name":"(anonymous_16)","decl":{"start":{"line":139,"column":29},"end":{"line":139,"column":30}},"loc":{"start":{"line":139,"column":37},"end":{"line":141,"column":9}}},"10":{"name":"(anonymous_17)","decl":{"start":{"line":147,"column":2},"end":{"line":147,"column":8}},"loc":{"start":{"line":147,"column":8},"end":{"line":151,"column":3}}},"11":{"name":"(anonymous_18)","decl":{"start":{"line":153,"column":2},"end":{"line":153,"column":5}},"loc":{"start":{"line":153,"column":41},"end":{"line":158,"column":3}}},"12":{"name":"(anonymous_19)","decl":{"start":{"line":164,"column":2},"end":{"line":164,"column":null}},"loc":{"start":{"line":166,"column":33},"end":{"line":167,"column":6}}},"13":{"name":"(anonymous_20)","decl":{"start":{"line":169,"column":10},"end":{"line":169,"column":17}},"loc":{"start":{"line":169,"column":30},"end":{"line":182,"column":3}}},"14":{"name":"(anonymous_21)","decl":{"start":{"line":184,"column":2},"end":{"line":184,"column":6}},"loc":{"start":{"line":184,"column":6},"end":{"line":205,"column":3}}},"15":{"name":"(anonymous_22)","decl":{"start":{"line":199,"column":29},"end":{"line":199,"column":30}},"loc":{"start":{"line":199,"column":37},"end":{"line":201,"column":9}}},"16":{"name":"(anonymous_23)","decl":{"start":{"line":207,"column":2},"end":{"line":207,"column":8}},"loc":{"start":{"line":207,"column":8},"end":{"line":210,"column":3}}},"17":{"name":"(anonymous_24)","decl":{"start":{"line":212,"column":2},"end":{"line":212,"column":5}},"loc":{"start":{"line":212,"column":41},"end":{"line":217,"column":3}}},"18":{"name":"createEnvironmentLoader","decl":{"start":{"line":220,"column":16},"end":{"line":220,"column":39}},"loc":{"start":{"line":220,"column":39},"end":{"line":245,"column":1}}},"19":{"name":"getEnvironmentLoader","decl":{"start":{"line":249,"column":16},"end":{"line":249,"column":36}},"loc":{"start":{"line":249,"column":36},"end":{"line":254,"column":1}}},"20":{"name":"getEnvironment","decl":{"start":{"line":256,"column":16},"end":{"line":256,"column":30}},"loc":{"start":{"line":256,"column":30},"end":{"line":258,"column":1}}},"21":{"name":"getEnv","decl":{"start":{"line":260,"column":16},"end":{"line":260,"column":22}},"loc":{"start":{"line":260,"column":58},"end":{"line":262,"column":1}}},"22":{"name":"resetEnvironmentLoader","decl":{"start":{"line":264,"column":16},"end":{"line":264,"column":38}},"loc":{"start":{"line":264,"column":38},"end":{"line":266,"column":1}}}},"branchMap":{"0":{"loc":{"start":{"line":91,"column":6},"end":{"line":96,"column":7}},"type":"if","locations":[{"start":{"line":91,"column":6},"end":{"line":96,"column":7}}]},"1":{"loc":{"start":{"line":107,"column":4},"end":{"line":109,"column":5}},"type":"if","locations":[{"start":{"line":107,"column":4},"end":{"line":109,"column":5}}]},"2":{"loc":{"start":{"line":128,"column":4},"end":{"line":130,"column":5}},"type":"if","locations":[{"start":{"line":128,"column":4},"end":{"line":130,"column":5}}]},"3":{"loc":{"start":{"line":128,"column":8},"end":{"line":128,"column":47}},"type":"binary-expr","locations":[{"start":{"line":128,"column":8},"end":{"line":128,"column":17}},{"start":{"line":128,"column":21},"end":{"line":128,"column":47}}]},"4":{"loc":{"start":{"line":137,"column":6},"end":{"line":142,"column":7}},"type":"if","locations":[{"start":{"line":137,"column":6},"end":{"line":142,"column":7}}]},"5":{"loc":{"start":{"line":154,"column":4},"end":{"line":156,"column":5}},"type":"if","locations":[{"start":{"line":154,"column":4},"end":{"line":156,"column":5}}]},"6":{"loc":{"start":{"line":185,"column":4},"end":{"line":187,"column":5}},"type":"if","locations":[{"start":{"line":185,"column":4},"end":{"line":187,"column":5}}]},"7":{"loc":{"start":{"line":197,"column":6},"end":{"line":202,"column":7}},"type":"if","locations":[{"start":{"line":197,"column":6},"end":{"line":202,"column":7}}]},"8":{"loc":{"start":{"line":213,"column":4},"end":{"line":215,"column":5}},"type":"if","locations":[{"start":{"line":213,"column":4},"end":{"line":215,"column":5}}]},"9":{"loc":{"start":{"line":221,"column":18},"end":{"line":221,"column":55}},"type":"binary-expr","locations":[{"start":{"line":221,"column":18},"end":{"line":221,"column":38}},{"start":{"line":221,"column":42},"end":{"line":221,"column":55}}]},"10":{"loc":{"start":{"line":223,"column":2},"end":{"line":244,"column":3}},"type":"switch","locations":[{"start":{"line":224,"column":4},"end":{"line":225,"column":44}},{"start":{"line":227,"column":4},"end":{"line":227,"column":23}},{"start":{"line":228,"column":4},"end":{"line":229,"column":43}},{"start":{"line":231,"column":4},"end":{"line":240,"column":5}},{"start":{"line":242,"column":4},"end":{"line":243,"column":43}}]},"11":{"loc":{"start":{"line":235,"column":6},"end":{"line":237,"column":7}},"type":"if","locations":[{"start":{"line":235,"column":6},"end":{"line":237,"column":7}}]},"12":{"loc":{"start":{"line":235,"column":10},"end":{"line":235,"column":38}},"type":"binary-expr","locations":[{"start":{"line":235,"column":10},"end":{"line":235,"column":21}},{"start":{"line":235,"column":25},"end":{"line":235,"column":38}}]},"13":{"loc":{"start":{"line":250,"column":2},"end":{"line":252,"column":3}},"type":"if","locations":[{"start":{"line":250,"column":2},"end":{"line":252,"column":3}}]}},"s":{"0":1,"1":1,"2":1,"3":1,"4":1,"5":1,"6":1,"7":1,"8":1,"9":1,"10":1,"11":1,"12":1,"13":0,"14":1,"15":1,"16":0,"17":0,"18":0,"19":0,"20":0,"21":0,"22":0,"23":0,"24":0,"25":0,"26":0,"27":0,"28":0,"29":0,"30":0,"31":0,"32":0,"33":0,"34":0,"35":0,"36":0,"37":0,"38":0,"39":0,"40":0,"41":0,"42":0,"43":0,"44":0,"45":0,"46":0,"47":0,"48":0,"49":0,"50":0,"51":0,"52":0,"53":0,"54":0,"55":0,"56":0,"57":0,"58":0,"59":0,"60":0,"61":0,"62":0,"63":0,"64":0,"65":0,"66":0,"67":0,"68":0,"69":0,"70":0,"71":0,"72":0,"73":0,"74":0,"75":0,"76":0,"77":0,"78":0,"79":0,"80":0,"81":0,"82":0,"83":0,"84":0,"85":0,"86":0,"87":0,"88":0,"89":0,"90":1,"91":0,"92":0,"93":0,"94":0,"95":0,"96":0},"f":{"0":0,"1":0,"2":0,"3":0,"4":0,"5":0,"6":0,"7":0,"8":0,"9":0,"10":0,"11":0,"12":0,"13":0,"14":0,"15":0,"16":0,"17":0,"18":0,"19":0,"20":0,"21":0,"22":0},"b":{"0":[0],"1":[0],"2":[0],"3":[0,0],"4":[0],"5":[0],"6":[0],"7":[0],"8":[0],"9":[0,0],"10":[0,0,0,0,0],"11":[0],"12":[0,0],"13":[0]}}
,"C:\\Users\\PC\\Documents\\Projects\\lavirant-vc\\server\\constants\\deliveryMethods.ts": {"path":"C:\\Users\\PC\\Documents\\Projects\\lavirant-vc\\server\\constants\\deliveryMethods.ts","statementMap":{"0":{"start":{"line":6,"column":13},"end":{"line":9,"column":11}}},"fnMap":{},"branchMap":{},"s":{"0":1},"f":{},"b":{}}
,"C:\\Users\\PC\\Documents\\Projects\\lavirant-vc\\server\\constants\\httpStatus.ts": {"path":"C:\\Users\\PC\\Documents\\Projects\\lavirant-vc\\server\\constants\\httpStatus.ts","statementMap":{"0":{"start":{"line":6,"column":13},"end":{"line":18,"column":11}}},"fnMap":{},"branchMap":{},"s":{"0":3},"f":{},"b":{}}
,"C:\\Users\\PC\\Documents\\Projects\\lavirant-vc\\server\\constants\\logPrefixes.ts": {"path":"C:\\Users\\PC\\Documents\\Projects\\lavirant-vc\\server\\constants\\logPrefixes.ts","statementMap":{"0":{"start":{"line":6,"column":13},"end":{"line":17,"column":11}}},"fnMap":{},"branchMap":{},"s":{"0":6},"f":{},"b":{}}
,"C:\\Users\\PC\\Documents\\Projects\\lavirant-vc\\server\\constants\\paymentStatus.ts": {"path":"C:\\Users\\PC\\Documents\\Projects\\lavirant-vc\\server\\constants\\paymentStatus.ts","statementMap":{"0":{"start":{"line":6,"column":13},"end":{"line":12,"column":11}},"1":{"start":{"line":16,"column":13},"end":{"line":21,"column":11}},"2":{"start":{"line":28,"column":13},"end":{"line":28,"column":80}},"3":{"start":{"line":29,"column":13},"end":{"line":29,"column":58}},"4":{"start":{"line":30,"column":13},"end":{"line":30,"column":59}},"5":{"start":{"line":31,"column":13},"end":{"line":31,"column":51}}},"fnMap":{},"branchMap":{},"s":{"0":3,"1":3,"2":3,"3":3,"4":3,"5":3},"f":{},"b":{}}
,"C:\\Users\\PC\\Documents\\Projects\\lavirant-vc\\server\\constants\\shipmentStatus.ts": {"path":"C:\\Users\\PC\\Documents\\Projects\\lavirant-vc\\server\\constants\\shipmentStatus.ts","statementMap":{"0":{"start":{"line":6,"column":13},"end":{"line":14,"column":11}},"1":{"start":{"line":21,"column":13},"end":{"line":21,"column":78}}},"fnMap":{},"branchMap":{},"s":{"0":1,"1":1},"f":{},"b":{}}
,"C:\\Users\\PC\\Documents\\Projects\\lavirant-vc\\server\\db\\schema.ts": {"path":"C:\\Users\\PC\\Documents\\Projects\\lavirant-vc\\server\\db\\schema.ts","statementMap":{"0":{"start":{"line":1,"column":0},"end":{"line":1,"column":78}},"1":{"start":{"line":2,"column":0},"end":{"line":2,"column":49}},"2":{"start":{"line":5,"column":13},"end":{"line":9,"column":3}},"3":{"start":{"line":11,"column":13},"end":{"line":18,"column":3}},"4":{"start":{"line":20,"column":13},"end":{"line":53,"column":3}},"5":{"start":{"line":22,"column":46},"end":{"line":22,"column":54}},"6":{"start":{"line":23,"column":52},"end":{"line":23,"column":63}},"7":{"start":{"line":55,"column":13},"end":{"line":68,"column":3}},"8":{"start":{"line":57,"column":58},"end":{"line":57,"column":67}},"9":{"start":{"line":70,"column":13},"end":{"line":79,"column":3}},"10":{"start":{"line":82,"column":13},"end":{"line":85,"column":3}},"11":{"start":{"line":87,"column":13},"end":{"line":87,"column":64}},"12":{"start":{"line":89,"column":13},"end":{"line":120,"column":3}},"13":{"start":{"line":122,"column":13},"end":{"line":134,"column":3}}},"fnMap":{"0":{"name":"(anonymous_0)","decl":{"start":{"line":22,"column":40},"end":{"line":22,"column":43}},"loc":{"start":{"line":22,"column":46},"end":{"line":22,"column":54}}},"1":{"name":"(anonymous_1)","decl":{"start":{"line":23,"column":46},"end":{"line":23,"column":49}},"loc":{"start":{"line":23,"column":52},"end":{"line":23,"column":63}}},"2":{"name":"(anonymous_2)","decl":{"start":{"line":57,"column":52},"end":{"line":57,"column":55}},"loc":{"start":{"line":57,"column":58},"end":{"line":57,"column":67}}}},"branchMap":{},"s":{"0":1,"1":1,"2":1,"3":1,"4":1,"5":0,"6":0,"7":1,"8":0,"9":1,"10":1,"11":1,"12":1,"13":1},"f":{"0":0,"1":0,"2":0},"b":{}}
,"C:\\Users\\PC\\Documents\\Projects\\lavirant-vc\\server\\errors\\AppError.ts": {"path":"C:\\Users\\PC\\Documents\\Projects\\lavirant-vc\\server\\errors\\AppError.ts","statementMap":{"0":{"start":{"line":1,"column":0},"end":{"line":1,"column":74}},"1":{"start":{"line":13,"column":4},"end":{"line":13,"column":19}},"2":{"start":{"line":14,"column":4},"end":{"line":14,"column":38}},"3":{"start":{"line":15,"column":4},"end":{"line":15,"column":33}},"4":{"start":{"line":16,"column":4},"end":{"line":16,"column":39}},"5":{"start":{"line":17,"column":4},"end":{"line":17,"column":52}},"6":{"start":{"line":8,"column":0},"end":{"line":8,"column":22}},"7":{"start":{"line":26,"column":4},"end":{"line":26,"column":43}},"8":{"start":{"line":24,"column":0},"end":{"line":24,"column":13}},"9":{"start":{"line":35,"column":20},"end":{"line":37,"column":31}},"10":{"start":{"line":38,"column":4},"end":{"line":38,"column":41}},"11":{"start":{"line":33,"column":0},"end":{"line":33,"column":13}},"12":{"start":{"line":47,"column":4},"end":{"line":47,"column":44}},"13":{"start":{"line":45,"column":0},"end":{"line":45,"column":13}},"14":{"start":{"line":56,"column":4},"end":{"line":56,"column":41}},"15":{"start":{"line":54,"column":0},"end":{"line":54,"column":13}},"16":{"start":{"line":65,"column":4},"end":{"line":65,"column":40}},"17":{"start":{"line":63,"column":0},"end":{"line":63,"column":13}},"18":{"start":{"line":74,"column":4},"end":{"line":74,"column":100}},"19":{"start":{"line":72,"column":0},"end":{"line":72,"column":13}},"20":{"start":{"line":83,"column":4},"end":{"line":83,"column":39}},"21":{"start":{"line":84,"column":4},"end":{"line":84,"column":37}},"22":{"start":{"line":81,"column":0},"end":{"line":81,"column":13}},"23":{"start":{"line":93,"column":4},"end":{"line":93,"column":31}},"24":{"start":{"line":91,"column":0},"end":{"line":91,"column":13}},"25":{"start":{"line":102,"column":4},"end":{"line":102,"column":31}},"26":{"start":{"line":100,"column":0},"end":{"line":100,"column":13}}},"fnMap":{"0":{"name":"(anonymous_0)","decl":{"start":{"line":12,"column":2},"end":{"line":12,"column":14}},"loc":{"start":{"line":12,"column":114},"end":{"line":18,"column":3}}},"1":{"name":"(anonymous_1)","decl":{"start":{"line":25,"column":2},"end":{"line":25,"column":14}},"loc":{"start":{"line":25,"column":29},"end":{"line":27,"column":3}}},"2":{"name":"(anonymous_2)","decl":{"start":{"line":34,"column":2},"end":{"line":34,"column":14}},"loc":{"start":{"line":34,"column":60},"end":{"line":39,"column":3}}},"3":{"name":"(anonymous_3)","decl":{"start":{"line":46,"column":2},"end":{"line":46,"column":14}},"loc":{"start":{"line":46,"column":38},"end":{"line":48,"column":3}}},"4":{"name":"(anonymous_4)","decl":{"start":{"line":55,"column":2},"end":{"line":55,"column":14}},"loc":{"start":{"line":55,"column":35},"end":{"line":57,"column":3}}},"5":{"name":"(anonymous_5)","decl":{"start":{"line":64,"column":2},"end":{"line":64,"column":14}},"loc":{"start":{"line":64,"column":29},"end":{"line":66,"column":3}}},"6":{"name":"(anonymous_6)","decl":{"start":{"line":73,"column":2},"end":{"line":73,"column":14}},"loc":{"start":{"line":73,"column":47},"end":{"line":75,"column":3}}},"7":{"name":"(anonymous_7)","decl":{"start":{"line":82,"column":2},"end":{"line":82,"column":14}},"loc":{"start":{"line":82,"column":29},"end":{"line":85,"column":3}}},"8":{"name":"(anonymous_8)","decl":{"start":{"line":92,"column":2},"end":{"line":92,"column":14}},"loc":{"start":{"line":92,"column":82},"end":{"line":94,"column":3}}},"9":{"name":"(anonymous_9)","decl":{"start":{"line":101,"column":2},"end":{"line":101,"column":14}},"loc":{"start":{"line":101,"column":92},"end":{"line":103,"column":3}}}},"branchMap":{"0":{"loc":{"start":{"line":12,"column":31},"end":{"line":12,"column":92}},"type":"default-arg","locations":[{"start":{"line":12,"column":60},"end":{"line":12,"column":92}}]},"1":{"loc":{"start":{"line":12,"column":94},"end":{"line":12,"column":114}},"type":"default-arg","locations":[{"start":{"line":12,"column":110},"end":{"line":12,"column":114}}]},"2":{"loc":{"start":{"line":35,"column":20},"end":{"line":37,"column":31}},"type":"cond-expr","locations":[{"start":{"line":36,"column":8},"end":{"line":36,"column":63}},{"start":{"line":37,"column":8},"end":{"line":37,"column":31}}]},"3":{"loc":{"start":{"line":46,"column":14},"end":{"line":46,"column":38}},"type":"default-arg","locations":[{"start":{"line":46,"column":24},"end":{"line":46,"column":38}}]},"4":{"loc":{"start":{"line":55,"column":14},"end":{"line":55,"column":35}},"type":"default-arg","locations":[{"start":{"line":55,"column":24},"end":{"line":55,"column":35}}]},"5":{"loc":{"start":{"line":74,"column":10},"end":{"line":74,"column":66}},"type":"binary-expr","locations":[{"start":{"line":74,"column":10},"end":{"line":74,"column":17}},{"start":{"line":74,"column":21},"end":{"line":74,"column":66}}]},"6":{"loc":{"start":{"line":92,"column":31},"end":{"line":92,"column":82}},"type":"default-arg","locations":[{"start":{"line":92,"column":60},"end":{"line":92,"column":82}}]},"7":{"loc":{"start":{"line":101,"column":31},"end":{"line":101,"column":92}},"type":"default-arg","locations":[{"start":{"line":101,"column":60},"end":{"line":101,"column":92}}]}},"s":{"0":3,"1":57,"2":57,"3":57,"4":57,"5":57,"6":3,"7":53,"8":3,"9":0,"10":0,"11":3,"12":0,"13":3,"14":0,"15":3,"16":0,"17":3,"18":4,"19":3,"20":0,"21":0,"22":3,"23":0,"24":3,"25":0,"26":3},"f":{"0":57,"1":53,"2":0,"3":0,"4":0,"5":0,"6":4,"7":0,"8":0,"9":0},"b":{"0":[0],"1":[57],"2":[0,0],"3":[0],"4":[0],"5":[4,0],"6":[0],"7":[0]}}
,"C:\\Users\\PC\\Documents\\Projects\\lavirant-vc\\server\\handlers\\CreateOrderHandler.ts": {"path":"C:\\Users\\PC\\Documents\\Projects\\lavirant-vc\\server\\handlers\\CreateOrderHandler.ts","statementMap":{"0":{"start":{"line":135,"column":0},"end":{"line":135,"column":16}},"1":{"start":{"line":6,"column":0},"end":{"line":6,"column":37}},"2":{"start":{"line":34,"column":2},"end":{"line":36,"column":3}},"3":{"start":{"line":35,"column":4},"end":{"line":35,"column":32}},"4":{"start":{"line":38,"column":2},"end":{"line":41,"column":3}},"5":{"start":{"line":40,"column":4},"end":{"line":40,"column":42}},"6":{"start":{"line":43,"column":2},"end":{"line":45,"column":3}},"7":{"start":{"line":44,"column":4},"end":{"line":44,"column":43}},"8":{"start":{"line":47,"column":2},"end":{"line":47,"column":14}},"9":{"start":{"line":51,"column":19},"end":{"line":51,"column":108}},"10":{"start":{"line":52,"column":2},"end":{"line":52,"column":45}},"11":{"start":{"line":56,"column":2},"end":{"line":56,"column":69}},"12":{"start":{"line":64,"column":21},"end":{"line":64,"column":53}},"13":{"start":{"line":66,"column":2},"end":{"line":88,"column":5}},"14":{"start":{"line":92,"column":2},"end":{"line":105,"column":5}},"15":{"start":{"line":109,"column":2},"end":{"line":111,"column":3}},"16":{"start":{"line":110,"column":4},"end":{"line":110,"column":11}},"17":{"start":{"line":113,"column":17},"end":{"line":113,"column":47}},"18":{"start":{"line":114,"column":2},"end":{"line":116,"column":3}},"19":{"start":{"line":115,"column":4},"end":{"line":115,"column":11}},"20":{"start":{"line":118,"column":2},"end":{"line":120,"column":5}},"21":{"start":{"line":122,"column":24},"end":{"line":122,"column":83}},"22":{"start":{"line":124,"column":2},"end":{"line":132,"column":3}},"23":{"start":{"line":125,"column":4},"end":{"line":131,"column":7}},"24":{"start":{"line":136,"column":2},"end":{"line":156,"column":4}},"25":{"start":{"line":137,"column":20},"end":{"line":137,"column":50}},"26":{"start":{"line":139,"column":28},"end":{"line":139,"column":56}},"27":{"start":{"line":140,"column":4},"end":{"line":142,"column":5}},"28":{"start":{"line":141,"column":6},"end":{"line":141,"column":64}},"29":{"start":{"line":144,"column":20},"end":{"line":144,"column":63}},"30":{"start":{"line":145,"column":4},"end":{"line":147,"column":5}},"31":{"start":{"line":146,"column":6},"end":{"line":146,"column":68}},"32":{"start":{"line":149,"column":18},"end":{"line":149,"column":86}},"33":{"start":{"line":150,"column":18},"end":{"line":150,"column":66}},"34":{"start":{"line":152,"column":4},"end":{"line":152,"column":88}},"35":{"start":{"line":153,"column":4},"end":{"line":153,"column":71}},"36":{"start":{"line":155,"column":4},"end":{"line":155,"column":39}}},"fnMap":{"0":{"name":"validateOrderFields","decl":{"start":{"line":33,"column":9},"end":{"line":33,"column":28}},"loc":{"start":{"line":33,"column":56},"end":{"line":48,"column":1}}},"1":{"name":"calculateOrderTotal","decl":{"start":{"line":50,"column":9},"end":{"line":50,"column":28}},"loc":{"start":{"line":50,"column":82},"end":{"line":53,"column":1}}},"2":{"name":"resolvePaymentReference","decl":{"start":{"line":55,"column":9},"end":{"line":55,"column":32}},"loc":{"start":{"line":55,"column":60},"end":{"line":57,"column":1}}},"3":{"name":"createOrderRecord","decl":{"start":{"line":59,"column":15},"end":{"line":59,"column":32}},"loc":{"start":{"line":62,"column":15},"end":{"line":89,"column":1}}},"4":{"name":"sendOrderConfirmationEmail","decl":{"start":{"line":91,"column":9},"end":{"line":91,"column":35}},"loc":{"start":{"line":91,"column":88},"end":{"line":106,"column":1}}},"5":{"name":"reconcileStripePayment","decl":{"start":{"line":108,"column":15},"end":{"line":108,"column":37}},"loc":{"start":{"line":108,"column":93},"end":{"line":133,"column":1}}},"6":{"name":"CreateOrderHandler","decl":{"start":{"line":135,"column":16},"end":{"line":135,"column":34}},"loc":{"start":{"line":135,"column":64},"end":{"line":157,"column":1}}},"7":{"name":"(anonymous_7)","decl":{"start":{"line":136,"column":9},"end":{"line":136,"column":14}},"loc":{"start":{"line":136,"column":47},"end":{"line":156,"column":3}}},"8":{"name":"(anonymous_8)","decl":{"start":{"line":152,"column":78},"end":{"line":152,"column":81}},"loc":{"start":{"line":152,"column":83},"end":{"line":152,"column":86}}},"9":{"name":"(anonymous_9)","decl":{"start":{"line":153,"column":61},"end":{"line":153,"column":64}},"loc":{"start":{"line":153,"column":66},"end":{"line":153,"column":69}}}},"branchMap":{"0":{"loc":{"start":{"line":34,"column":2},"end":{"line":36,"column":3}},"type":"if","locations":[{"start":{"line":34,"column":2},"end":{"line":36,"column":3}}]},"1":{"loc":{"start":{"line":34,"column":6},"end":{"line":34,"column":70}},"type":"binary-expr","locations":[{"start":{"line":34,"column":6},"end":{"line":34,"column":24}},{"start":{"line":34,"column":28},"end":{"line":34,"column":45}},{"start":{"line":34,"column":49},"end":{"line":34,"column":70}}]},"2":{"loc":{"start":{"line":38,"column":2},"end":{"line":41,"column":3}},"type":"if","locations":[{"start":{"line":38,"column":2},"end":{"line":41,"column":3}}]},"3":{"loc":{"start":{"line":38,"column":6},"end":{"line":39,"column":82}},"type":"binary-expr","locations":[{"start":{"line":38,"column":6},"end":{"line":38,"column":24}},{"start":{"line":38,"column":28},"end":{"line":38,"column":45}},{"start":{"line":38,"column":49},"end":{"line":38,"column":63}},{"start":{"line":38,"column":67},"end":{"line":38,"column":81}},{"start":{"line":39,"column":6},"end":{"line":39,"column":22}},{"start":{"line":39,"column":26},"end":{"line":39,"column":39}},{"start":{"line":39,"column":43},"end":{"line":39,"column":62}},{"start":{"line":39,"column":66},"end":{"line":39,"column":82}}]},"4":{"loc":{"start":{"line":43,"column":2},"end":{"line":45,"column":3}},"type":"if","locations":[{"start":{"line":43,"column":2},"end":{"line":45,"column":3}}]},"5":{"loc":{"start":{"line":43,"column":6},"end":{"line":43,"column":83}},"type":"binary-expr","locations":[{"start":{"line":43,"column":6},"end":{"line":43,"column":51}},{"start":{"line":43,"column":55},"end":{"line":43,"column":83}}]},"6":{"loc":{"start":{"line":43,"column":56},"end":{"line":43,"column":81}},"type":"cond-expr","locations":[{"start":{"line":43,"column":77},"end":{"line":43,"column":79}},{"start":{"line":43,"column":77},"end":{"line":43,"column":81}}]},"7":{"loc":{"start":{"line":43,"column":56},"end":{"line":43,"column":79}},"type":"binary-expr","locations":[{"start":{"line":43,"column":56},"end":{"line":43,"column":79}},{"start":{"line":43,"column":77},"end":{"line":43,"column":79}}]},"8":{"loc":{"start":{"line":51,"column":19},"end":{"line":51,"column":108}},"type":"cond-expr","locations":[{"start":{"line":51,"column":59},"end":{"line":51,"column":104}},{"start":{"line":51,"column":107},"end":{"line":51,"column":108}}]},"9":{"loc":{"start":{"line":56,"column":9},"end":{"line":56,"column":68}},"type":"binary-expr","locations":[{"start":{"line":56,"column":9},"end":{"line":56,"column":33}},{"start":{"line":56,"column":37},"end":{"line":56,"column":60}},{"start":{"line":56,"column":64},"end":{"line":56,"column":68}}]},"10":{"loc":{"start":{"line":71,"column":18},"end":{"line":71,"column":123}},"type":"cond-expr","locations":[{"start":{"line":71,"column":66},"end":{"line":71,"column":119}},{"start":{"line":71,"column":122},"end":{"line":71,"column":123}}]},"11":{"loc":{"start":{"line":72,"column":20},"end":{"line":72,"column":50}},"type":"cond-expr","locations":[{"start":{"line":72,"column":42},"end":{"line":72,"column":46}},{"start":{"line":72,"column":46},"end":{"line":72,"column":50}}]},"12":{"loc":{"start":{"line":72,"column":20},"end":{"line":72,"column":46}},"type":"binary-expr","locations":[{"start":{"line":72,"column":20},"end":{"line":72,"column":46}},{"start":{"line":72,"column":42},"end":{"line":72,"column":46}}]},"13":{"loc":{"start":{"line":73,"column":21},"end":{"line":73,"column":54}},"type":"cond-expr","locations":[{"start":{"line":73,"column":46},"end":{"line":73,"column":50}},{"start":{"line":73,"column":50},"end":{"line":73,"column":54}}]},"14":{"loc":{"start":{"line":73,"column":21},"end":{"line":73,"column":50}},"type":"binary-expr","locations":[{"start":{"line":73,"column":21},"end":{"line":73,"column":50}},{"start":{"line":73,"column":46},"end":{"line":73,"column":50}}]},"15":{"loc":{"start":{"line":73,"column":21},"end":{"line":73,"column":46}},"type":"cond-expr","locations":[{"start":{"line":73,"column":42},"end":{"line":73,"column":44}},{"start":{"line":73,"column":42},"end":{"line":73,"column":46}}]},"16":{"loc":{"start":{"line":73,"column":21},"end":{"line":73,"column":44}},"type":"binary-expr","locations":[{"start":{"line":73,"column":21},"end":{"line":73,"column":44}},{"start":{"line":73,"column":42},"end":{"line":73,"column":44}}]},"17":{"loc":{"start":{"line":74,"column":12},"end":{"line":74,"column":54}},"type":"cond-expr","locations":[{"start":{"line":74,"column":25},"end":{"line":74,"column":42}},{"start":{"line":74,"column":45},"end":{"line":74,"column":54}}]},"18":{"loc":{"start":{"line":75,"column":21},"end":{"line":75,"column":52}},"type":"binary-expr","locations":[{"start":{"line":75,"column":21},"end":{"line":75,"column":44}},{"start":{"line":75,"column":48},"end":{"line":75,"column":52}}]},"19":{"loc":{"start":{"line":77,"column":21},"end":{"line":77,"column":91}},"type":"binary-expr","locations":[{"start":{"line":77,"column":21},"end":{"line":77,"column":44}},{"start":{"line":77,"column":49},"end":{"line":77,"column":90}}]},"20":{"loc":{"start":{"line":77,"column":49},"end":{"line":77,"column":90}},"type":"cond-expr","locations":[{"start":{"line":77,"column":75},"end":{"line":77,"column":83}},{"start":{"line":77,"column":86},"end":{"line":77,"column":90}}]},"21":{"loc":{"start":{"line":78,"column":22},"end":{"line":78,"column":66}},"type":"cond-expr","locations":[{"start":{"line":78,"column":35},"end":{"line":78,"column":59}},{"start":{"line":78,"column":62},"end":{"line":78,"column":66}}]},"22":{"loc":{"start":{"line":109,"column":2},"end":{"line":111,"column":3}},"type":"if","locations":[{"start":{"line":109,"column":2},"end":{"line":111,"column":3}}]},"23":{"loc":{"start":{"line":109,"column":6},"end":{"line":109,"column":63}},"type":"binary-expr","locations":[{"start":{"line":109,"column":6},"end":{"line":109,"column":28}},{"start":{"line":109,"column":32},"end":{"line":109,"column":63}}]},"24":{"loc":{"start":{"line":114,"column":2},"end":{"line":116,"column":3}},"type":"if","locations":[{"start":{"line":114,"column":2},"end":{"line":116,"column":3}}]},"25":{"loc":{"start":{"line":124,"column":2},"end":{"line":132,"column":3}},"type":"if","locations":[{"start":{"line":124,"column":2},"end":{"line":132,"column":3}}]},"26":{"loc":{"start":{"line":124,"column":6},"end":{"line":124,"column":69}},"type":"binary-expr","locations":[{"start":{"line":124,"column":6},"end":{"line":124,"column":42}},{"start":{"line":124,"column":46},"end":{"line":124,"column":69}}]},"27":{"loc":{"start":{"line":140,"column":4},"end":{"line":142,"column":5}},"type":"if","locations":[{"start":{"line":140,"column":4},"end":{"line":142,"column":5}}]},"28":{"loc":{"start":{"line":145,"column":4},"end":{"line":147,"column":5}},"type":"if","locations":[{"start":{"line":145,"column":4},"end":{"line":147,"column":5}}]}},"s":{"0":1,"1":1,"2":30,"3":3,"4":27,"5":8,"6":19,"7":2,"8":17,"9":16,"10":16,"11":16,"12":16,"13":16,"14":16,"15":16,"16":11,"17":5,"18":5,"19":0,"20":5,"21":4,"22":4,"23":2,"24":29,"25":30,"26":30,"27":30,"28":13,"29":17,"30":17,"31":1,"32":16,"33":16,"34":16,"35":16,"36":16},"f":{"0":30,"1":16,"2":16,"3":16,"4":16,"5":16,"6":29,"7":30,"8":1,"9":2},"b":{"0":[3],"1":[30,29,28],"2":[8],"3":[27,26,25,24,23,22,21,20],"4":[2],"5":[19,2],"6":[1,1],"7":[2,2],"8":[3,13],"9":[16,15,8],"10":[3,13],"11":[0,16],"12":[16,16],"13":[0,16],"14":[16,16],"15":[16,0],"16":[16,16],"17":[8,8],"18":[16,8],"19":[16,15],"20":[7,8],"21":[8,8],"22":[11],"23":[16,8],"24":[0],"25":[2],"26":[4,3],"27":[13],"28":[1]}}
,"C:\\Users\\PC\\Documents\\Projects\\lavirant-vc\\server\\handlers\\CreatePaymentIntentHandler.ts": {"path":"C:\\Users\\PC\\Documents\\Projects\\lavirant-vc\\server\\handlers\\CreatePaymentIntentHandler.ts","statementMap":{"0":{"start":{"line":111,"column":0},"end":{"line":111,"column":16}},"1":{"start":{"line":3,"column":0},"end":{"line":3,"column":37}},"2":{"start":{"line":28,"column":22},"end":{"line":28,"column":83}},"3":{"start":{"line":29,"column":25},"end":{"line":29,"column":90}},"4":{"start":{"line":30,"column":22},"end":{"line":30,"column":68}},"5":{"start":{"line":32,"column":2},"end":{"line":32,"column":54}},"6":{"start":{"line":36,"column":2},"end":{"line":40,"column":null}},"7":{"start":{"line":45,"column":16},"end":{"line":45,"column":47}},"8":{"start":{"line":47,"column":2},"end":{"line":49,"column":3}},"9":{"start":{"line":48,"column":4},"end":{"line":48,"column":16}},"10":{"start":{"line":51,"column":17},"end":{"line":51,"column":42}},"11":{"start":{"line":52,"column":2},"end":{"line":54,"column":3}},"12":{"start":{"line":53,"column":4},"end":{"line":53,"column":16}},"13":{"start":{"line":56,"column":17},"end":{"line":56,"column":76}},"14":{"start":{"line":57,"column":2},"end":{"line":60,"column":4}},"15":{"start":{"line":64,"column":2},"end":{"line":64,"column":23}},"16":{"start":{"line":64,"column":16},"end":{"line":64,"column":23}},"17":{"start":{"line":66,"column":2},"end":{"line":72,"column":5}},"18":{"start":{"line":76,"column":17},"end":{"line":76,"column":40}},"19":{"start":{"line":77,"column":21},"end":{"line":77,"column":82}},"20":{"start":{"line":79,"column":2},"end":{"line":79,"column":49}},"21":{"start":{"line":81,"column":2},"end":{"line":81,"column":63}},"22":{"start":{"line":89,"column":17},"end":{"line":89,"column":43}},"23":{"start":{"line":90,"column":24},"end":{"line":90,"column":61}},"24":{"start":{"line":92,"column":24},"end":{"line":101,"column":4}},"25":{"start":{"line":103,"column":2},"end":{"line":103,"column":59}},"26":{"start":{"line":105,"column":2},"end":{"line":108,"column":4}},"27":{"start":{"line":112,"column":2},"end":{"line":133,"column":4}},"28":{"start":{"line":113,"column":58},"end":{"line":113,"column":90}},"29":{"start":{"line":115,"column":4},"end":{"line":117,"column":5}},"30":{"start":{"line":116,"column":6},"end":{"line":116,"column":65}},"31":{"start":{"line":119,"column":4},"end":{"line":124,"column":5}},"32":{"start":{"line":120,"column":23},"end":{"line":120,"column":76}},"33":{"start":{"line":121,"column":6},"end":{"line":123,"column":7}},"34":{"start":{"line":122,"column":8},"end":{"line":122,"column":34}},"35":{"start":{"line":126,"column":20},"end":{"line":126,"column":83}},"36":{"start":{"line":128,"column":19},"end":{"line":130,"column":68}},"37":{"start":{"line":132,"column":4},"end":{"line":132,"column":28}}},"fnMap":{"0":{"name":"calculateAmounts","decl":{"start":{"line":27,"column":9},"end":{"line":27,"column":25}},"loc":{"start":{"line":27,"column":55},"end":{"line":33,"column":1}}},"1":{"name":"createPaymentMetadata","decl":{"start":{"line":35,"column":9},"end":{"line":35,"column":30}},"loc":{"start":{"line":35,"column":72},"end":{"line":42,"column":1}}},"2":{"name":"findExistingIntent","decl":{"start":{"line":44,"column":15},"end":{"line":44,"column":33}},"loc":{"start":{"line":44,"column":79},"end":{"line":61,"column":1}}},"3":{"name":"markOrderPaymentPending","decl":{"start":{"line":63,"column":15},"end":{"line":63,"column":38}},"loc":{"start":{"line":63,"column":91},"end":{"line":73,"column":1}}},"4":{"name":"createMockIntent","decl":{"start":{"line":75,"column":15},"end":{"line":75,"column":31}},"loc":{"start":{"line":75,"column":73},"end":{"line":82,"column":1}}},"5":{"name":"createRealIntent","decl":{"start":{"line":84,"column":15},"end":{"line":84,"column":31}},"loc":{"start":{"line":87,"column":18},"end":{"line":109,"column":1}}},"6":{"name":"CreatePaymentIntentHandler","decl":{"start":{"line":111,"column":16},"end":{"line":111,"column":42}},"loc":{"start":{"line":111,"column":74},"end":{"line":134,"column":1}}},"7":{"name":"(anonymous_7)","decl":{"start":{"line":112,
[...]
mn":3}},"6":{"start":{"line":32,"column":4},"end":{"line":32,"column":40}},"7":{"start":{"line":35,"column":2},"end":{"line":37,"column":3}},"8":{"start":{"line":36,"column":4},"end":{"line":36,"column":41}},"9":{"start":{"line":39,"column":2},"end":{"line":41,"column":3}},"10":{"start":{"line":40,"column":4},"end":{"line":40,"column":39}},"11":{"start":{"line":43,"column":2},"end":{"line":43,"column":38}},"12":{"start":{"line":50,"column":2},"end":{"line":52,"column":3}},"13":{"start":{"line":51,"column":4},"end":{"line":51,"column":16}},"14":{"start":{"line":54,"column":17},"end":{"line":54,"column":36}},"15":{"start":{"line":55,"column":23},"end":{"line":55,"column":43}},"16":{"start":{"line":57,"column":41},"end":{"line":57,"column":69}},"17":{"start":{"line":58,"column":2},"end":{"line":60,"column":3}},"18":{"start":{"line":59,"column":4},"end":{"line":59,"column":44}},"19":{"start":{"line":62,"column":27},"end":{"line":62,"column":71}},"20":{"start":{"line":63,"column":26},"end":{"line":63,"column":92}},"21":{"start":{"line":65,"column":2},"end":{"line":71,"column":4}},"22":{"start":{"line":78,"column":18},"end":{"line":78,"column":78}},"23":{"start":{"line":80,"column":20},"end":{"line":84,"column":null}},"24":{"start":{"line":87,"column":17},"end":{"line":87,"column":50}},"25":{"start":{"line":90,"column":4},"end":{"line":95,"column":8}},"26":{"start":{"line":97,"column":21},"end":{"line":97,"column":68}},"27":{"start":{"line":98,"column":18},"end":{"line":98,"column":56}},"28":{"start":{"line":100,"column":2},"end":{"line":106,"column":4}},"29":{"start":{"line":114,"column":23},"end":{"line":114,"column":50}},"30":{"start":{"line":115,"column":2},"end":{"line":117,"column":3}},"31":{"start":{"line":116,"column":4},"end":{"line":116,"column":24}},"32":{"start":{"line":120,"column":2},"end":{"line":120,"column":38}}},"fnMap":{"0":{"name":"normalizePaymentStatus","decl":{"start":{"line":24,"column":9},"end":{"line":24,"column":31}},"loc":{"start":{"line":24,"column":49},"end":{"line":44,"column":1}}},"1":{"name":"parseStripePayload","decl":{"start":{"line":49,"column":9},"end":{"line":49,"column":27}},"loc":{"start":{"line":49,"column":40},"end":{"line":72,"column":1}}},"2":{"name":"parseGenericPayload","decl":{"start":{"line":77,"column":9},"end":{"line":77,"column":28}},"loc":{"start":{"line":77,"column":41},"end":{"line":107,"column":1}}},"3":{"name":"parseWebhookPayload","decl":{"start":{"line":112,"column":16},"end":{"line":112,"column":35}},"loc":{"start":{"line":112,"column":48},"end":{"line":121,"column":1}}}},"branchMap":{"0":{"loc":{"start":{"line":27,"column":2},"end":{"line":29,"column":3}},"type":"if","locations":[{"start":{"line":27,"column":2},"end":{"line":29,"column":3}}]},"1":{"loc":{"start":{"line":31,"column":2},"end":{"line":33,"column":3}},"type":"if","locations":[{"start":{"line":31,"column":2},"end":{"line":33,"column":3}}]},"2":{"loc":{"start":{"line":35,"column":2},"end":{"line":37,"column":3}},"type":"if","locations":[{"start":{"line":35,"column":2},"end":{"line":37,"column":3}}]},"3":{"loc":{"start":{"line":39,"column":2},"end":{"line":41,"column":3}},"type":"if","locations":[{"start":{"line":39,"column":2},"end":{"line":41,"column":3}}]},"4":{"loc":{"start":{"line":50,"column":2},"end":{"line":52,"column":3}},"type":"if","locations":[{"start":{"line":50,"column":2},"end":{"line":52,"column":3}}]},"5":{"loc":{"start":{"line":50,"column":6},"end":{"line":50,"column":48}},"type":"binary-expr","locations":[{"start":{"line":50,"column":6},"end":{"line":50,"column":24}},{"start":{"line":50,"column":24},"end":{"line":50,"column":48}}]},"6":{"loc":{"start":{"line":50,"column":7},"end":{"line":50,"column":20}},"type":"cond-expr","locations":[{"start":{"line":50,"column":14},"end":{"line":50,"column":16}},{"start":{"line":50,"column":7},"end":{"line":50,"column":20}}]},"7":{"loc":{"start":{"line":50,"column":7},"end":{"line":50,"column":16}},"type":"binary-expr","locations":[{"start":{"line":50,"column":7},"end":{"line":50,"column":16}},{"start":{"line":50,"column":7},"end":{"line":50,"column":16}}]},"8":{"loc":{"start":{"line":50,"column":25},"end":{"line":50,"column":46}},"type":"cond-expr","locations":[{"start":{"line":50,"column":38},"end":{"line":50,"column":40}},{"start":{"line":50,"column":38},"end":{"line":50,"column":46}}]},"9":{"loc":{"start":{"line":50,"column":25},"end":{"line":50,"column":40}},"type":"binary-expr","locations":[{"start":{"line":50,"column":25},"end":{"line":50,"column":40}},{"start":{"line":50,"column":38},"end":{"line":50,"column":40}}]},"10":{"loc":{"start":{"line":50,"column":25},"end":{"line":50,"column":38}},"type":"cond-expr","locations":[{"start":{"line":50,"column":32},"end":{"line":50,"column":34}},{"start":{"line":50,"column":25},"end":{"line":50,"column":38}}]},"11":{"loc":{"start":{"line":50,"column":25},"end":{"line":50,"column":34}},"type":"binary-expr","locations":[{"start":{"line":50,"column":25},"end":{"line":50,"column":34}},{"start":{"line":50,"column":25},"end":{"line":50,"column":34}}]},"12":{"loc":{"start":{"line":55,"column":23},"end":{"line":55,"column":43}},"type":"binary-expr","locations":[{"start":{"line":55,"column":23},"end":{"line":55,"column":37}},{"start":{"line":55,"column":41},"end":{"line":55,"column":43}}]},"13":{"loc":{"start":{"line":55,"column":23},"end":{"line":55,"column":37}},"type":"cond-expr","locations":[{"start":{"line":55,"column":29},"end":{"line":55,"column":31}},{"start":{"line":55,"column":23},"end":{"line":55,"column":37}}]},"14":{"loc":{"start":{"line":55,"column":23},"end":{"line":55,"column":31}},"type":"binary-expr","locations":[{"start":{"line":55,"column":23},"end":{"line":55,"column":31}},{"start":{"line":55,"column":23},"end":{"line":55,"column":31}}]},"15":{"loc":{"start":{"line":58,"column":2},"end":{"line":60,"column":3}},"type":"if","locations":[{"start":{"line":58,"column":2},"end":{"line":60,"column":3}}]},"16":{"loc":{"start":{"line":58,"column":6},"end":{"line":58,"column":81}},"type":"binary-expr","locations":[{"start":{"line":58,"column":6},"end":{"line":58,"column":49}},{"start":{"line":58,"column":53},"end":{"line":58,"column":81}}]},"17":{"loc":{"start":{"line":62,"column":27},"end":{"line":62,"column":71}},"type":"binary-expr","locations":[{"start":{"line":62,"column":27},"end":{"line":62,"column":49}},{"start":{"line":62,"column":53},"end":{"line":62,"column":63}},{"start":{"line":62,"column":67},"end":{"line":62,"column":71}}]},"18":{"loc":{"start":{"line":62,"column":27},"end":{"line":62,"column":49}},"type":"cond-expr","locations":[{"start":{"line":62,"column":33},"end":{"line":62,"column":35}},{"start":{"line":62,"column":27},"end":{"line":62,"column":49}}]},"19":{"loc":{"start":{"line":62,"column":27},"end":{"line":62,"column":35}},"type":"binary-expr","locations":[{"start":{"line":62,"column":27},"end":{"line":62,"column":35}},{"start":{"line":62,"column":27},"end":{"line":62,"column":35}}]},"20":{"loc":{"start":{"line":62,"column":53},"end":{"line":62,"column":63}},"type":"cond-expr","locations":[{"start":{"line":62,"column":59},"end":{"line":62,"column":61}},{"start":{"line":62,"column":53},"end":{"line":62,"column":63}}]},"21":{"loc":{"start":{"line":62,"column":53},"end":{"line":62,"column":61}},"type":"binary-expr","locations":[{"start":{"line":62,"column":53},"end":{"line":62,"column":61}},{"start":{"line":62,"column":53},"end":{"line":62,"column":61}}]},"22":{"loc":{"start":{"line":63,"column":26},"end":{"line":63,"column":92}},"type":"cond-expr","locations":[{"start":{"line":63,"column":54},"end":{"line":63,"column":85}},{"start":{"line":63,"column":88},"end":{"line":63,"column":92}}]},"23":{"loc":{"start":{"line":63,"column":26},"end":{"line":63,"column":51}},"type":"cond-expr","locations":[{"start":{"line":63,"column":42},"end":{"line":63,"column":44}},{"start":{"line":63,"column":42},"end":{"line":63,"column":51}}]},"24":{"loc":{"start":{"line":63,"column":26},"end":{"line":63,"column":44}},"type":"binary-expr","locations":[{"start":{"line":63,"column":26},"end":{"line":63,"column":44}},{"start":{"line":63,"column":42},"end":{"line":63,"column":44}}]},"25":{"loc":{"start":{"line":63,"column":26},"end":{"line":63,"column":42}},"type":"cond-expr","locations":[{"start":{"line":63,"column":32},"end":{"line":63,"column":34}},{"start":{"line":63,"column":26},"end":{"line":63,"column":42}}]},"26":{"loc":{"start":{"line":63,"column":26},"end":{"line":63,"column":34}},"type":"binary-expr","locations":[{"start":{"line":63,"column":26},"end":{"line":63,"column":34}},{"start":{"line":63,"column":26},"end":{"line":63,"column":34}}]},"27":{"loc":{"start":{"line":66,"column":13},"end":{"line":66,"column":32}},"type":"binary-expr","locations":[{"start":{"line":66,"column":13},"end":{"line":66,"column":24}},{"start":{"line":66,"column":28},"end":{"line":66,"column":32}}]},"28":{"loc":{"start":{"line":66,"column":13},"end":{"line":66,"column":24}},"type":"cond-expr","locations":[{"start":{"line":66,"column":20},"end":{"line":66,"column":22}},{"start":{"line":66,"column":13},"end":{"line":66,"column":24}}]},"29":{"loc":{"start":{"line":66,"column":13},"end":{"line":66,"column":22}},"type":"binary-expr","locations":[{"start":{"line":66,"column":13},"end":{"line":66,"column":22}},{"start":{"line":66,"column":13},"end":{"line":66,"column":22}}]},"30":{"loc":{"start":{"line":69,"column":13},"end":{"line":69,"column":70}},"type":"cond-expr","locations":[{"start":{"line":69,"column":48},"end":{"line":69,"column":63}},{"start":{"line":69,"column":66},"end":{"line":69,"column":70}}]},"31":{"loc":{"start":{"line":78,"column":18},"end":{"line":78,"column":78}},"type":"binary-expr","locations":[{"start":{"line":78,"column":18},"end":{"line":78,"column":34}},{"start":{"line":78,"column":38},"end":{"line":78,"column":55}},{"start":{"line":78,"column":59},"end":{"line":78,"column":70}},{"start":{"line":78,"column":74},"end":{"line":78,"column":78}}]},"32":{"loc":{"start":{"line":78,"column":18},"end":{"line":78,"column":34}},"type":"cond-expr","locations":[{"start":{"line":78,"column":25},"end":{"line":78,"column":27}},{"start":{"line":78,"column":18},"end":{"line":78,"column":34}}]},"33":{"loc":{"start":{"line":78,"column":18},"end":{"line":78,"column":27}},"type":"binary-expr","locations":[{"start":{"line":78,"column":18},"end":{"line":78,"column":27}},{"start":{"line":78,"column":18},"end":{"line":78,"column":27}}]},"34":{"loc":{"start":{"line":78,"column":38},"end":{"line":78,"column":55}},"type":"cond-expr","locations":[{"start":{"line":78,"column":45},"end":{"line":78,"column":47}},{"start":{"line":78,"column":38},"end":{"line":78,"column":55}}]},"35":{"loc":{"start":{"line":78,"column":38},"end":{"line":78,"column":47}},"type":"binary-expr","locations":[{"start":{"line":78,"column":38},"end":{"line":78,"column":47}},{"start":{"line":78,"column":38},"end":{"line":78,"column":47}}]},"36":{"loc":{"start":{"line":78,"column":59},"end":{"line":78,"column":70}},"type":"cond-expr","locations":[{"start":{"line":78,"column":66},"end":{"line":78,"column":68}},{"start":{"line":78,"column":59},"end":{"line":78,"column":70}}]},"37":{"loc":{"start":{"line":78,"column":59},"end":{"line":78,"column":68}},"type":"binary-expr","locations":[{"start":{"line":78,"column":59},"end":{"line":78,"column":68}},{"start":{"line":78,"column":59},"end":{"line":78,"column":68}}]},"38":{"loc":{"start":{"line":81,"column":4},"end":{"line":84,"column":6}},"type":"binary-expr","locations":[{"start":{"line":81,"column":4},"end":{"line":81,"column":19}},{"start":{"line":82,"column":4},"end":{"line":82,"column":26}},{"start":{"line":83,"column":4},"end":{"line":83,"column":24}},{"start":{"line":84,"column":4},"end":{"line":84,"column":6}}]},"39":{"loc":{"start":{"line":81,"column":4},"end":{"line":81,"column":19}},"type":"cond-expr","locations":[{"start":{"line":81,"column":11},"end":{"line":81,"column":13}},{"start":{"line":81,"column":4},"end":{"line":81,"column":19}}]},"40":{"loc":{"start":{"line":81,"column":4},"end":{"line":81,"column":13}},"type":"binary-expr","locations":[{"start":{"line":81,"column":4},"end":{"line":81,"column":13}},{"start":{"line":81,"column":4},"end":{"line":81,"column":13}}]},"41":{"loc":{"start":{"line":82,"column":4},"end":{"line":82,"column":26}},"type":"cond-expr","locations":[{"start":{"line":82,"column":11},"end":{"line":82,"column":13}},{"start":{"line":82,"column":4},"end":{"line":82,"column":26}}]},"42":{"loc":{"start":{"line":82,"column":4},"end":{"line":82,"column":13}},"type":"binary-expr","locations":[{"start":{"line":82,"column":4},"end":{"line":82,"column":13}},{"start":{"line":82,"column":4},"end":{"line":82,"column":13}}]},"43":{"loc":{"start":{"line":83,"column":4},"end":{"line":83,"column":24}},"type":"cond-expr","locations":[{"start":{"line":83,"column":11},"end":{"line":83,"column":13}},{"start":{"line":83,"column":4},"end":{"line":83,"column":24}}]},"44":{"loc":{"start":{"line":83,"column":4},"end":{"line":83,"column":13}},"type":"binary-expr","locations":[{"start":{"line":83,"column":4},"end":{"line":83,"column":13}},{"start":{"line":83,"column":4},"end":{"line":83,"column":13}}]},"45":{"loc":{"start":{"line":90,"column":4},"end":{"line":95,"column":8}},"type":"binary-expr","locations":[{"start":{"line":90,"column":4},"end":{"line":90,"column":29}},{"start":{"line":91,"column":4},"end":{"line":91,"column":28}},{"start":{"line":92,"column":4},"end":{"line":92,"column":26}},{"start":{"line":93,"column":4},"end":{"line":93,"column":20}},{"start":{"line":94,"column":4},"end":{"line":94,"column":23}},{"start":{"line":95,"column":4},"end":{"line":95,"column":8}}]},"46":{"loc":{"start":{"line":90,"column":4},"end":{"line":90,"column":29}},"type":"cond-expr","locations":[{"start":{"line":90,"column":11},"end":{"line":90,"column":13}},{"start":{"line":90,"column":4},"end":{"line":90,"column":29}}]},"47":{"loc":{"start":{"line":90,"column":4},"end":{"line":90,"column":13}},"type":"binary-expr","locations":[{"start":{"line":90,"column":4},"end":{"line":90,"column":13}},{"start":{"line":90,"column":4},"end":{"line":90,"column":13}}]},"48":{"loc":{"start":{"line":91,"column":4},"end":{"line":91,"column":28}},"type":"cond-expr","locations":[{"start":{"line":91,"column":11},"end":{"line":91,"column":13}},{"start":{"line":91,"column":4},"end":{"line":91,"column":28}}]},"49":{"loc":{"start":{"line":91,"column":4},"end":{"line":91,"column":13}},"type":"binary-expr","locations":[{"start":{"line":91,"column":4},"end":{"line":91,"column":13}},{"start":{"line":91,"column":4},"end":{"line":91,"column":13}}]},"50":{"loc":{"start":{"line":92,"column":4},"end":{"line":92,"column":26}},"type":"cond-expr","locations":[{"start":{"line":92,"column":11},"end":{"line":92,"column":13}},{"start":{"line":92,"column":4},"end":{"line":92,"column":26}}]},"51":{"loc":{"start":{"line":92,"column":4},"end":{"line":92,"column":13}},"type":"binary-expr","locations":[{"start":{"line":92,"column":4},"end":{"line":92,"column":13}},{"start":{"line":92,"column":4},"end":{"line":92,"column":13}}]},"52":{"loc":{"start":{"line":93,"column":4},"end":{"line":93,"column":20}},"type":"cond-expr","locations":[{"start":{"line":93,"column":11},"end":{"line":93,"column":13}},{"start":{"line":93,"column":4},"end":{"line":93,"column":20}}]},"53":{"loc":{"start":{"line":93,"column":4},"end":{"line":93,"column":13}},"type":"binary-expr","locations":[{"start":{"line":93,"column":4},"end":{"line":93,"column":13}},{"start":{"line":93,"column":4},"end":{"line":93,"column":13}}]},"54":{"loc":{"start":{"line":94,"column":4},"end":{"line":94,"column":23}},"type":"cond-expr","locations":[{"start":{"line":94,"column":11},"end":{"line":94,"column":13}},{"start":{"line":94,"column":4},"end":{"line":94,"column":23}}]},"55":{"loc":{"start":{"line":94,"column":4},"end":{"line":94,"column":13}},"type":"binary-expr","locations":[{"start":{"line":94,"column":4},"end":{"line":94,"column":13}},{"start":{"line":94,"column":4},"end":{"line":94,"column":13}}]},"56":{"loc":{"start":{"line":97,"column":21},"end":{"line":97,"column":68}},"type":"binary-expr","locations":[{"start":{"line":97,"column":21},"end":{"line":97,"column":37}},{"start":{"line":97,"column":41},"end":{"line":97,"column":60}},{"start":{"line":97,"column":64},"end":{"line":97,"column":68}}]},"57":{"loc":{"start":{"line":97,"column":21},"end":{"line":97,"column":37}},"type":"cond-expr","locations":[{"start":{"line":97,"column":28},"end":{"line":97,"column":30}},{"start":{"line":97,"column":21},"end":{"line":97,"column":37}}]},"58":{"loc":{"start":{"line":97,"column":21},"end":{"line":97,"column":30}},"type":"binary-expr","locations":[{"start":{"line":97,"column":21},"end":{"line":97,"column":30}},{"start":{"line":97,"column":21},"end":{"line":97,"column":30}}]},"59":{"loc":{"start":{"line":97,"column":41},"end":{"line":97,"column":60}},"type":"cond-expr","locations":[{"start":{"line":97,"column":48},"end":{"line":97,"column":50}},{"start":{"line":97,"column":41},"end":{"line":97,"column":60}}]},"60":{"loc":{"start":{"line":97,"column":41},"end":{"line":97,"column":50}},"type":"binary-expr","locations":[{"start":{"line":97,"column":41},"end":{"line":97,"column":50}},{"start":{"line":97,"column":41},"end":{"line":97,"column":50}}]},"61":{"loc":{"start":{"line":98,"column":18},"end":{"line":98,"column":56}},"type":"cond-expr","locations":[{"start":{"line":98,"column":31},"end":{"line":98,"column":49}},{"start":{"line":98,"column":52},"end":{"line":98,"column":56}}]},"62":{"loc":{"start":{"line":103,"column":22},"end":{"line":103,"column":72}},"type":"cond-expr","locations":[{"start":{"line":103,"column":41},"end":{"line":103,"column":65}},{"start":{"line":103,"column":68},"end":{"line":103,"column":72}}]},"63":{"loc":{"start":{"line":104,"column":13},"end":{"line":104,"column":54}},"type":"cond-expr","locations":[{"start":{"line":104,"column":40},"end":{"line":104,"column":47}},{"start":{"line":104,"column":50},"end":{"line":104,"column":54}}]},"64":{"loc":{"start":{"line":105,"column":14},"end":{"line":105,"column":44}},"type":"binary-expr","locations":[{"start":{"line":105,"column":14},"end":{"line":105,"column":31}},{"start":{"line":105,"column":35},"end":{"line":105,"column":44}}]},"65":{"loc":{"start":{"line":105,"column":14},"end":{"line":105,"column":31}},"type":"cond-expr","locations":[{"start":{"line":105,"column":21},"end":{"line":105,"column":23}},{"start":{"line":105,"column":14},"end":{"line":105,"column":31}}]},"66":{"loc":{"start":{"line":105,"column":14},"end":{"line":105,"column":23}},"type":"binary-expr","locations":[{"start":{"line":105,"column":14},"end":{"line":105,"column":23}},{"start":{"line":105,"column":14},"end":{"line":105,"column":23}}]},"67":{"loc":{"start":{"line":115,"column":2},"end":{"line":117,"column":3}},"type":"if","locations":[{"start":{"line":115,"column":2},"end":{"line":117,"column":3}}]}},"s":{"0":1,"1":1,"2":45,"3":45,"4":31,"5":14,"6":2,"7":12,"8":2,"9":10,"10":2,"11":8,"12":50,"13":45,"14":5,"15":5,"16":5,"17":5,"18":2,"19":5,"20":5,"21":5,"22":45,"23":45,"24":45,"25":45,"26":45,"27":45,"28":45,"29":50,"30":50,"31":5,"32":45},"f":{"0":45,"1":50,"2":45,"3":50},"b":{"0":[31],"1":[2],"2":[2],"3":[2],"4":[45],"5":[50,6],"6":[2,48],"7":[50,49],"8":[1,5],"9":[6,6],"10":[0,6],"11":[6,6],"12":[5,2],"13":[0,5],"14":[5,5],"15":[2],"16":[5,3],"17":[5,2,0],"18":[0,5],"19":[5,5],"20":[0,2],"21":[2,2],"22":[4,1],"23":[1,4],"24":[5,5],"25":[0,5],"26":[5,5],"27":[5,0],"28":[0,5],"29":[5,5],"30":[4,1],"31":[45,44,42,39],"32":[2,43],"33":[45,44],"34":[2,42],"35":[44,43],"36":[2,40],"37":[42,41],"38":[45,7,6,5],"39":[2,43],"40":[45,44],"41":[2,5],"42":[7,6],"43":[2,4],"44":[6,5],"45":[45,17,14,12,10,9],"46":[2,43],"47":[45,44],"48":[2,15],"49":[17,16],"50":[2,12],"51":[14,13],"52":[2,10],"53":[12,11],"54":[2,8],"55":[10,9],"56":[45,31,28],"57":[2,43],"58":[45,44],"59":[2,29],"60":[31,30],"61":[17,28],"62":[36,9],"63":[14,31],"64":[45,43],"65":[2,43],"66":[45,44],"67":[5]}}
}
