TN:
SF:lib\inpost\shipxClient.ts
FN:12,(anonymous_0)
FN:29,(anonymous_1)
FN:34,(anonymous_2)
FN:68,(anonymous_3)
FN:97,(anonymous_4)
FN:112,(anonymous_5)
FNF:6
FNH:0
FNDA:0,(anonymous_0)
FNDA:0,(anonymous_1)
FNDA:0,(anonymous_2)
FNDA:0,(anonymous_3)
FNDA:0,(anonymous_4)
FNDA:0,(anonymous_5)
DA:3,1
DA:8,1
DA:13,0
DA:14,0
DA:15,0
DA:16,0
DA:25,1
DA:30,0
DA:31,0
DA:35,0
DA:44,0
DA:45,0
DA:46,0
DA:51,0
DA:52,0
DA:55,0
DA:58,0
DA:61,0
DA:62,0
DA:65,0
DA:69,0
DA:77,0
DA:78,0
DA:79,0
DA:84,0
DA:85,0
DA:88,0
DA:91,0
DA:94,0
DA:100,0
DA:101,0
DA:102,0
DA:104,0
DA:105,0
DA:107,0
DA:112,1
DA:113,0
DA:114,0
DA:115,0
DA:119,0
DA:122,0
DA:123,0
DA:126,0
LF:43
LH:4
BRDA:34,0,0,0
BRDA:40,1,0,0
BRDA:40,1,1,0
BRDA:40,2,0,0
BRDA:40,2,1,0
BRDA:44,3,0,0
BRDA:51,4,0,0
BRDA:51,5,0,0
BRDA:51,5,1,0
BRDA:51,6,0,0
BRDA:51,6,1,0
BRDA:55,7,0,0
BRDA:55,7,1,0
BRDA:55,7,2,0
BRDA:55,8,0,0
BRDA:55,8,1,0
BRDA:55,9,0,0
BRDA:55,9,1,0
BRDA:55,10,0,0
BRDA:55,10,1,0
BRDA:55,11,0,0
BRDA:55,11,1,0
BRDA:56,12,0,0
BRDA:56,12,1,0
BRDA:56,13,0,0
BRDA:56,13,1,0
BRDA:61,14,0,0
BRDA:68,15,0,0
BRDA:73,16,0,0
BRDA:73,16,1,0
BRDA:73,17,0,0
BRDA:73,17,1,0
BRDA:77,18,0,0
BRDA:84,19,0,0
BRDA:84,20,0,0
BRDA:84,20,1,0
BRDA:84,21,0,0
BRDA:84,21,1,0
BRDA:88,22,0,0
BRDA:88,22,1,0
BRDA:88,22,2,0
BRDA:88,23,0,0
BRDA:88,23,1,0
BRDA:88,24,0,0
BRDA:88,24,1,0
BRDA:88,25,0,0
BRDA:88,25,1,0
BRDA:88,26,0,0
BRDA:88,26,1,0
BRDA:89,27,0,0
BRDA:89,27,1,0
BRDA:89,28,0,0
BRDA:89,28,1,0
BRDA:100,29,0,0
BRDA:100,29,1,0
BRDA:100,30,0,0
BRDA:100,30,1,0
BRDA:101,31,0,0
BRDA:114,32,0,0
BRDA:119,33,0,0
BRDA:119,33,1,0
BRDA:119,34,0,0
BRDA:119,34,1,0
BRDA:120,35,0,0
BRDA:120,35,1,0
BRDA:122,36,0,0
BRDA:122,37,0,0
BRDA:122,37,1,0
BRF:68
BRH:0
end_of_record
TN:
SF:server\db.ts
FN:11,getDatabaseUrl
FN:19,getPool
FN:26,getDb
FN:35,initializeDatabase
FN:48,(anonymous_10)
FN:49,(anonymous_11)
FNF:6
FNH:0
FNDA:0,getDatabaseUrl
FNDA:0,getPool
FNDA:0,getDb
FNDA:0,initializeDatabase
FNDA:0,(anonymous_10)
FNDA:0,(anonymous_11)
DA:1,1
DA:2,1
DA:3,1
DA:4,1
DA:5,1
DA:6,1
DA:8,1
DA:9,1
DA:12,0
DA:13,0
DA:14,0
DA:16,0
DA:20,0
DA:21,0
DA:23,0
DA:26,1
DA:27,0
DA:28,0
DA:30,0
DA:33,1
DA:35,1
DA:36,0
DA:37,0
DA:38,0
DA:39,0
DA:41,0
DA:42,0
DA:45,0
DA:48,0
DA:49,0
DA:51,0
DA:52,0
DA:55,0
DA:58,0
DA:60,0
DA:61,0
DA:62,0
DA:69,0
LF:38
LH:11
BRDA:13,0,0,0
BRDA:20,1,0,0
BRDA:27,2,0,0
BRDA:51,3,0,0
BRDA:61,4,0,0
BRF:5
BRH:0
end_of_record
TN:
SF:server\storage.ts
FN:63,(anonymous_0)
FN:67,(anonymous_1)
FN:72,(anonymous_2)
FN:77,(anonymous_3)
FN:82,(anonymous_4)
FN:86,(anonymous_5)
FN:91,(anonymous_6)
FN:96,(anonymous_7)
FN:124,(anonymous_8)
FN:129,(anonymous_9)
FN:134,(anonymous_10)
FN:143,(anonymous_11)
FN:147,(anonymous_12)
FN:162,(anonymous_13)
FN:179,(anonymous_14)
FN:184,(anonymous_15)
FN:197,(anonymous_16)
FN:218,(anonymous_17)
FN:223,(anonymous_18)
FNF:19
FNH:0
FNDA:0,(anonymous_0)
FNDA:0,(anonymous_1)
FNDA:0,(anonymous_2)
FNDA:0,(anonymous_3)
FNDA:0,(anonymous_4)
FNDA:0,(anonymous_5)
FNDA:0,(anonymous_6)
FNDA:0,(anonymous_7)
FNDA:0,(anonymous_8)
FNDA:0,(anonymous_9)
FNDA:0,(anonymous_10)
FNDA:0,(anonymous_11)
FNDA:0,(anonymous_12)
FNDA:0,(anonymous_13)
FNDA:0,(anonymous_14)
FNDA:0,(anonymous_15)
FNDA:0,(anonymous_16)
FNDA:0,(anonymous_17)
FNDA:0,(anonymous_18)
DA:1,1
DA:16,1
DA:18,1
DA:19,1
DA:20,1
DA:62,1
DA:64,0
DA:68,0
DA:69,0
DA:73,0
DA:74,0
DA:78,0
DA:79,0
DA:83,0
DA:87,0
DA:88,0
DA:92,0
DA:93,0
DA:97,0
DA:119,0
DA:120,0
DA:121,0
DA:125,0
DA:126,0
DA:130,0
DA:131,0
DA:135,0
DA:140,0
DA:144,0
DA:148,0
DA:163,0
DA:164,0
DA:165,0
DA:167,0
DA:173,0
DA:174,0
DA:175,0
DA:176,0
DA:180,0
DA:181,0
DA:185,0
DA:198,0
DA:209,0
DA:215,0
DA:219,0
DA:220,0
DA:224,0
DA:225,0
DA:229,1
LF:49
LH:7
BRDA:99,0,0,0
BRDA:99,0,1,0
BRDA:99,1,0,0
BRDA:99,1,1,0
BRDA:100,2,0,0
BRDA:100,2,1,0
BRDA:100,3,0,0
BRDA:100,3,1,0
BRDA:101,4,0,0
BRDA:101,4,1,0
BRDA:101,5,0,0
BRDA:101,5,1,0
BRDA:102,6,0,0
BRDA:102,6,1,0
BRDA:102,7,0,0
BRDA:102,7,1,0
BRDA:103,8,0,0
BRDA:103,8,1,0
BRDA:103,9,0,0
BRDA:103,9,1,0
BRDA:104,10,0,0
BRDA:104,10,1,0
BRDA:104,11,0,0
BRDA:104,11,1,0
BRDA:105,12,0,0
BRDA:105,12,1,0
BRDA:105,13,0,0
BRDA:105,13,1,0
BRDA:106,14,0,0
BRDA:106,14,1,0
BRDA:106,15,0,0
BRDA:106,15,1,0
BRDA:107,16,0,0
BRDA:107,16,1,0
BRDA:107,17,0,0
BRDA:107,17,1,0
BRDA:108,18,0,0
BRDA:108,18,1,0
BRDA:108,19,0,0
BRDA:108,19,1,0
BRDA:109,20,0,0
BRDA:109,20,1,0
BRDA:109,21,0,0
BRDA:109,21,1,0
BRDA:110,22,0,0
BRDA:110,22,1,0
BRDA:110,23,0,0
BRDA:110,23,1,0
BRDA:111,24,0,0
BRDA:111,24,1,0
BRDA:111,25,0,0
BRDA:111,25,1,0
BRDA:112,26,0,0
BRDA:112,26,1,0
BRDA:112,27,0,0
BRDA:112,27,1,0
BRDA:113,28,0,0
BRDA:113,28,1,0
BRDA:113,29,0,0
BRDA:113,29,1,0
BRDA:114,30,0,0
BRDA:114,30,1,0
BRDA:114,31,0,0
BRDA:114,31,1,0
BRDA:115,32,0,0
BRDA:115,32,1,0
BRDA:115,33,0,0
BRDA:115,33,1,0
BRDA:116,34,0,0
BRDA:116,34,1,0
BRDA:116,35,0,0
BRDA:116,35,1,0
BRDA:173,36,0,0
BRDA:173,36,1,0
BRDA:173,37,0,0
BRDA:173,37,1,0
BRDA:173,38,0,0
BRDA:173,38,1,0
BRDA:173,39,0,0
BRDA:173,39,1,0
BRDA:173,40,0,0
BRDA:173,40,1,0
BRDA:173,41,0,0
BRDA:173,41,1,0
BRDA:190,42,0,0
BRDA:190,42,1,0
BRDA:190,43,0,0
BRDA:190,43,1,0
BRDA:191,44,0,0
BRDA:191,44,1,0
BRDA:191,45,0,0
BRDA:191,45,1,0
BRDA:202,46,0,0
BRDA:202,46,1,0
BRDA:202,47,0,0
BRDA:202,47,1,0
BRDA:203,48,0,0
BRDA:203,48,1,0
BRDA:203,49,0,0
BRDA:203,49,1,0
BRDA:204,50,0,0
BRDA:204,50,1,0
BRDA:204,51,0,0
BRDA:204,51,1,0
BRDA:205,52,0,0
BRDA:205,52,1,0
BRDA:205,53,0,0
BRDA:205,53,1,0
BRF:108
BRH:0
end_of_record
TN:
SF:server\config\environment.ts
FN:16,(anonymous_7)
FN:82,(anonymous_8)
FN:85,(anonymous_9)
FN:93,(anonymous_10)
FN:101,(anonymous_11)
FN:106,(anonymous_12)
FN:114,(anonymous_13)
FN:118,(anonymous_14)
FN:125,(anonymous_15)
FN:139,(anonymous_16)
FN:147,(anonymous_17)
FN:153,(anonymous_18)
FN:164,(anonymous_19)
FN:169,(anonymous_20)
FN:184,(anonymous_21)
FN:199,(anonymous_22)
FN:207,(anonymous_23)
FN:212,(anonymous_24)
FN:220,createEnvironmentLoader
FN:249,getEnvironmentLoader
FN:256,getEnvironment
FN:260,getEnv
FN:264,resetEnvironmentLoader
FNF:23
FNH:0
FNDA:0,(anonymous_7)
FNDA:0,(anonymous_8)
FNDA:0,(anonymous_9)
FNDA:0,(anonymous_10)
FNDA:0,(anonymous_11)
FNDA:0,(anonymous_12)
FNDA:0,(anonymous_13)
FNDA:0,(anonymous_14)
FNDA:0,(anonymous_15)
FNDA:0,(anonymous_16)
FNDA:0,(anonymous_17)
FNDA:0,(anonymous_18)
FNDA:0,(anonymous_19)
FNDA:0,(anonymous_20)
FNDA:0,(anonymous_21)
FNDA:0,(anonymous_22)
FNDA:0,(anonymous_23)
FNDA:0,(anonymous_24)
FNDA:0,createEnvironmentLoader
FNDA:0,getEnvironmentLoader
FNDA:0,getEnvironment
FNDA:0,getEnv
FNDA:0,resetEnvironmentLoader
DA:1,1
DA:2,1
DA:3,1
DA:12,1
DA:13,1
DA:14,1
DA:15,1
DA:16,1
DA:17,1
DA:19,1
DA:83,0
DA:86,0
DA:87,0
DA:88,0
DA:89,0
DA:91,0
DA:92,0
DA:93,0
DA:94,0
DA:97,0
DA:102,0
DA:103,0
DA:107,0
DA:108,0
DA:110,0
DA:115,0
DA:116,0
DA:119,0
DA:126,0
DA:128,0
DA:129,0
DA:132,0
DA:133,0
DA:134,0
DA:135,0
DA:137,0
DA:138,0
DA:139,0
DA:140,0
DA:143,0
DA:148,0
DA:149,0
DA:150,0
DA:154,0
DA:155,0
DA:157,0
DA:162,0
DA:165,0
DA:166,0
DA:170,0
DA:171,0
DA:172,0
DA:173,0
DA:179,0
DA:180,0
DA:181,0
DA:185,0
DA:186,0
DA:189,0
DA:190,0
DA:191,0
DA:192,0
DA:194,0
DA:195,0
DA:197,0
DA:198,0
DA:199,0
DA:200,0
DA:203,0
DA:208,0
DA:209,0
DA:213,0
DA:214,0
DA:216,0
DA:220,1
DA:221,0
DA:223,0
DA:225,0
DA:229,0
DA:232,0
DA:233,0
DA:235,0
DA:236,0
DA:239,0
DA:243,0
DA:247,1
DA:249,1
DA:250,0
DA:251,0
DA:253,0
DA:256,1
DA:257,0
DA:260,1
DA:261,0
DA:264,1
DA:265,0
LF:96
LH:16
BRDA:91,0,0,0
BRDA:107,1,0,0
BRDA:128,2,0,0
BRDA:128,3,0,0
BRDA:128,3,1,0
BRDA:137,4,0,0
BRDA:154,5,0,0
BRDA:185,6,0,0
BRDA:197,7,0,0
BRDA:213,8,0,0
BRDA:221,9,0,0
BRDA:221,9,1,0
BRDA:223,10,0,0
BRDA:223,10,1,0
BRDA:223,10,2,0
BRDA:223,10,3,0
BRDA:223,10,4,0
BRDA:235,11,0,0
BRDA:235,12,0,0
BRDA:235,12,1,0
BRDA:250,13,0,0
BRF:21
BRH:0
end_of_record
TN:
SF:server\constants\deliveryMethods.ts
FNF:0
FNH:0
DA:6,1
LF:1
LH:1
BRF:0
BRH:0
end_of_record
TN:
SF:server\constants\httpStatus.ts
FNF:0
FNH:0
DA:6,3
LF:1
LH:1
BRF:0
BRH:0
end_of_record
TN:
SF:server\constants\logPrefixes.ts
FNF:0
FNH:0
DA:6,6
LF:1
LH:1
BRF:0
BRH:0
end_of_record
TN:
SF:server\constants\paymentStatus.ts
FNF:0
FNH:0
DA:6,3
DA:16,3
DA:28,3
DA:29,3
DA:30,3
DA:31,3
LF:6
LH:6
BRF:0
BRH:0
end_of_record
TN:
SF:server\constants\shipmentStatus.ts
FNF:0
FNH:0
DA:6,1
DA:21,1
LF:2
LH:2
BRF:0
BRH:0
end_of_record
TN:
SF:server\db\schema.ts
FN:22,(anonymous_0)
FN:23,(anonymous_1)
FN:57,(anonymous_2)
FNF:3
FNH:0
FNDA:0,(anonymous_0)
FNDA:0,(anonymous_1)
FNDA:0,(anonymous_2)
DA:1,1
DA:2,1
DA:5,1
DA:11,1
DA:20,1
DA:22,0
DA:23,0
DA:55,1
DA:57,0
DA:70,1
DA:82,1
DA:87,1
DA:89,1
DA:122,1
LF:14
LH:11
BRF:0
BRH:0
end_of_record
TN:
SF:server\errors\AppError.ts
FN:12,(anonymous_0)
FN:25,(anonymous_1)
FN:34,(anonymous_2)
FN:46,(anonymous_3)
FN:55,(anonymous_4)
FN:64,(anonymous_5)
FN:73,(anonymous_6)
FN:82,(anonymous_7)
FN:92,(anonymous_8)
FN:101,(anonymous_9)
FNF:10
FNH:3
FNDA:57,(anonymous_0)
FNDA:53,(anonymous_1)
FNDA:0,(anonymous_2)
FNDA:0,(anonymous_3)
FNDA:0,(anonymous_4)
FNDA:0,(anonymous_5)
FNDA:4,(anonymous_6)
FNDA:0,(anonymous_7)
FNDA:0,(anonymous_8)
FNDA:0,(anonymous_9)
DA:1,3
DA:8,3
DA:13,57
DA:14,57
DA:15,57
DA:16,57
DA:17,57
DA:24,3
DA:26,53
DA:33,3
DA:35,0
DA:38,0
DA:45,3
DA:47,0
DA:54,3
DA:56,0
DA:63,3
DA:65,0
DA:72,3
DA:74,4
DA:81,3
DA:83,0
DA:84,0
DA:91,3
DA:93,0
DA:100,3
DA:102,0
LF:27
LH:18
BRDA:12,0,0,0
BRDA:12,1,0,57
BRDA:35,2,0,0
BRDA:35,2,1,0
BRDA:46,3,0,0
BRDA:55,4,0,0
BRDA:74,5,0,4
BRDA:74,5,1,0
BRDA:92,6,0,0
BRDA:101,7,0,0
BRF:10
BRH:2
end_of_record
TN:
SF:server\handlers\CreateOrderHandler.ts
FN:33,validateOrderFields
FN:50,calculateOrderTotal
FN:55,resolvePaymentReference
FN:59,createOrderRecord
FN:91,sendOrderConfirmationEmail
FN:108,reconcileStripePayment
FN:135,CreateOrderHandler
FN:136,(anonymous_7)
FN:152,(anonymous_8)
FN:153,(anonymous_9)
FNF:10
FNH:10
FNDA:30,validateOrderFields
FNDA:16,calculateOrderTotal
FNDA:16,resolvePaymentReference
FNDA:16,createOrderRecord
FNDA:16,sendOrderConfirmationEmail
FNDA:16,reconcileStripePayment
FNDA:29,CreateOrderHandler
FNDA:30,(anonymous_7)
FNDA:1,(anonymous_8)
FNDA:2,(anonymous_9)
DA:6,1
DA:34,30
DA:35,3
DA:38,27
DA:40,8
DA:43,19
DA:44,2
DA:47,17
DA:51,16
DA:52,16
DA:56,16
DA:64,16
DA:66,16
DA:92,16
DA:109,16
DA:110,11
DA:113,5
DA:114,5
DA:115,0
DA:118,5
DA:122,4
DA:124,4
DA:125,2
DA:135,1
DA:136,29
DA:137,30
DA:139,30
DA:140,30
DA:141,13
DA:144,17
DA:145,17
DA:146,1
DA:149,16
DA:150,16
DA:152,16
DA:153,16
DA:155,16
LF:37
LH:36
BRDA:34,0,0,3
BRDA:34,1,0,30
BRDA:34,1,1,29
BRDA:34,1,2,28
BRDA:38,2,0,8
BRDA:38,3,0,27
BRDA:38,3,1,26
BRDA:38,3,2,25
BRDA:38,3,3,24
BRDA:38,3,4,23
BRDA:38,3,5,22
BRDA:38,3,6,21
BRDA:38,3,7,20
BRDA:43,4,0,2
BRDA:43,5,0,19
BRDA:43,5,1,2
BRDA:43,6,0,1
BRDA:43,6,1,1
BRDA:43,7,0,2
BRDA:43,7,1,2
BRDA:51,8,0,3
BRDA:51,8,1,13
BRDA:56,9,0,16
BRDA:56,9,1,15
BRDA:56,9,2,8
BRDA:71,10,0,3
BRDA:71,10,1,13
BRDA:72,11,0,0
BRDA:72,11,1,16
BRDA:72,12,0,16
BRDA:72,12,1,16
BRDA:73,13,0,0
BRDA:73,13,1,16
BRDA:73,14,0,16
BRDA:73,14,1,16
BRDA:73,15,0,16
BRDA:73,15,1,0
BRDA:73,16,0,16
BRDA:73,16,1,16
BRDA:74,17,0,8
BRDA:74,17,1,8
BRDA:75,18,0,16
BRDA:75,18,1,8
BRDA:77,19,0,16
BRDA:77,19,1,15
BRDA:77,20,0,7
BRDA:77,20,1,8
BRDA:78,21,0,8
BRDA:78,21,1,8
BRDA:109,22,0,11
BRDA:109,23,0,16
BRDA:109,23,1,8
BRDA:114,24,0,0
BRDA:124,25,0,2
BRDA:124,26,0,4
BRDA:124,26,1,3
BRDA:140,27,0,13
BRDA:145,28,0,1
BRF:58
BRH:54
end_of_record
TN:
SF:server\handlers\CreatePaymentIntentHandler.ts
FN:27,calculateAmounts
FN:35,createPaymentMetadata
FN:44,findExistingIntent
FN:63,markOrderPaymentPending
FN:75,createMockIntent
FN:84,createRealIntent
FN:111,CreatePaymentIntentHandler
FN:112,(anonymous_7)
FNF:8
FNH:8
FNDA:22,calculateAmounts
FNDA:14,createPaymentMetadata
FNDA:11,findExistingIntent
FNDA:21,markOrderPaymentPending
FNDA:8,createMockIntent
FNDA:14,createRealIntent
FNDA:29,CreatePaymentIntentHandler
FNDA:29,(anonymous_7)
DA:3,1
DA:28,22
DA:29,22
DA:30,22
DA:32,22
DA:36,14
DA:45,11
DA:47,11
DA:48,5
DA:51,6
DA:52,6
DA:53,3
DA:56,3
DA:57,2
DA:64,21
DA:66,8
DA:76,8
DA:77,8
DA:79,8
DA:81,7
DA:89,14
DA:90,14
DA:92,14
DA:103,13
DA:105,12
DA:111,1
DA:112,29
DA:113,29
DA:115,29
DA:116,4
DA:119,25
DA:120,11
DA:121,10
DA:122,2
DA:126,22
DA:128,22
DA:132,19
LF:37
LH:37
BRDA:28,0,0,4
BRDA:28,0,1,18
BRDA:29,1,0,4
BRDA:29,1,1,18
BRDA:30,2,0,22
BRDA:30,2,1,18
BRDA:37,3,0,3
BRDA:37,3,1,11
BRDA:47,4,0,5
BRDA:47,5,0,4
BRDA:47,5,1,7
BRDA:47,6,0,11
BRDA:47,6,1,7
BRDA:52,7,0,3
BRDA:64,8,0,13
BRDA:100,9,0,3
BRDA:100,9,1,11
BRDA:115,10,0,4
BRDA:115,11,0,29
BRDA:115,11,1,26
BRDA:119,12,0,11
BRDA:121,13,0,2
BRDA:128,14,0,8
BRDA:128,14,1,14
BRF:24
BRH:24
end_of_record
TN:
SF:server\handlers\InPostHandlers.ts
FN:4,GetInPostConfigHandler
FN:5,(anonymous_1)
FNF:2
FNH:2
FNDA:11,GetInPostConfigHandler
FNDA:11,(anonymous_1)
DA:2,1
DA:4,1
DA:5,11
DA:6,11
DA:7,11
DA:9,11
LF:6
LH:6
BRDA:11,0,0,11
BRDA:11,0,1,4
BRDA:12,1,0,1
BRDA:12,1,1,10
BRF:4
BRH:4
end_of_record
TN:
SF:server\handlers\PaymentWebhookHandler.ts
FN:25,generateEventId
FN:29,extractSignature
FN:37,verifyHmac
FN:58,extractEventId
FN:62,mapStatusFromString
FN:81,extractOrderId
FN:87,extractPaymentReference
FN:92,parseStripeWebhook
FN:109,parseGenericWebhook
FN:121,parseWebhookPayload
FN:131,verifyWebhookSignature
FN:172,recordWebhookEvent
FN:185,shouldIgnoreEvent
FN:196,findOrder
FN:204,extractStripeAmount
FN:211,extractStripeMetadata
FN:215,updateOrderAmountsFromStripe
FN:240,processPayment
FN:256,recordSuccessfulWebhook
FN:264,PaymentWebhookHandler
FN:265,(anonymous_21)
FNF:21
FNH:21
FNDA:29,generateEventId
FNDA:9,extractSignature
FNDA:9,verifyHmac
FNDA:29,extractEventId
FNDA:11,mapStatusFromString
FNDA:11,extractOrderId
FNDA:11,extractPaymentReference
FNDA:18,parseStripeWebhook
FNDA:11,parseGenericWebhook
FNDA:29,parseWebhookPayload
FNDA:30,verifyWebhookSignature
FNDA:26,recordWebhookEvent
FNDA:26,shouldIgnoreEvent
FNDA:24,findOrder
FNDA:22,extractStripeAmount
FNDA:15,extractStripeMetadata
FNDA:22,updateOrderAmountsFromStripe
FNDA:22,processPayment
FNDA:22,recordSuccessfulWebhook
FNDA:30,PaymentWebhookHandler
FNDA:30,(anonymous_21)
DA:2,1
DA:8,1
DA:9,1
DA:26,29
DA:30,9
DA:31,1
DA:32,1
DA:34,8
DA:38,9
DA:40,9
DA:41,9
DA:42,9
DA:45,9
DA:46,9
DA:47,9
DA:48,1
DA:51,0
DA:54,9
DA:55,8
DA:59,29
DA:63,11
DA:65,11
DA:66,7
DA:68,4
DA:69,0
DA:71,4
DA:72,0
DA:74,4
DA:75,0
DA:78,4
DA:82,11
DA:83,11
DA:84,11
DA:88,11
DA:89,11
DA:93,18
DA:94,18
DA:98,18
DA:100,18
DA:110,11
DA:112,11
DA:122,29
DA:124,29
DA:125,18
DA:128,11
DA:137,30
DA:138,30
DA:139,30
DA:140,30
DA:142,30
DA:143,20
DA:144,1
DA:145,1
DA:147,0
DA:151,19
DA:152,19
DA:154,1
DA:158,10
DA:159,9
DA:160,9
DA:162,8
DA:163,8
DA:165,1
DA:169,1
DA:173,26
DA:186,26
DA:188,19
DA:189,19
DA:190,1
DA:193,18
DA:197,24
DA:198,24
DA:199,2
DA:201,24
DA:205,22
DA:207,15
DA:208,15
DA:212,15
DA:216,22
DA:217,22
DA:219,15
DA:220,15
DA:221,15
DA:223,15
DA:227,15
DA:229,15
DA:230,4
DA:234,4
DA:237,11
DA:245,22
DA:247,22
DA:261,22
DA:264,1
DA:265,30
DA:266,30
DA:270,30
DA:271,30
DA:273,30
DA:274,30
DA:275,4
DA:276,4
DA:277,4
DA:278,4
DA:281,26
DA:282,26
DA:283,1
DA:286,25
DA:287,25
DA:289,25
DA:290,25
DA:291,1
DA:294,24
DA:295,24
DA:296,1
DA:299,23
DA:300,1
DA:303,22
DA:305,22
DA:307,22
DA:308,22
DA:311,22
LF:121
LH:116
BRDA:26,0,0,29
BRDA:26,0,1,5
BRDA:26,1,0,4
BRDA:26,1,1,25
BRDA:26,2,0,29
BRDA:26,2,1,29
BRDA:30,3,0,1
BRDA:38,4,0,0
BRDA:38,5,0,9
BRDA:38,5,1,9
BRDA:47,6,0,1
BRDA:54,7,0,1
BRDA:59,8,0,29
BRDA:59,8,1,23
BRDA:59,8,2,23
BRDA:59,8,3,5
BRDA:59,9,0,0
BRDA:59,9,1,29
BRDA:59,10,0,29
BRDA:59,10,1,29
BRDA:59,11,0,0
BRDA:59,11,1,23
BRDA:59,12,0,23
BRDA:59,12,1,23
BRDA:59,13,0,0
BRDA:59,13,1,23
BRDA:59,14,0,23
BRDA:59,14,1,23
BRDA:65,15,0,7
BRDA:68,16,0,0
BRDA:71,17,0,0
BRDA:74,18,0,0
BRDA:82,19,0,11
BRDA:82,19,1,4
BRDA:82,20,0,0
BRDA:82,20,1,11
BRDA:82,21,0,11
BRDA:82,21,1,11
BRDA:82,22,0,0
BRDA:82,22,1,4
BRDA:82,23,0,4
BRDA:82,23,1,4
BRDA:83,24,0,7
BRDA:83,24,1,4
BRDA:84,25,0,7
BRDA:84,25,1,4
BRDA:88,26,0,11
BRDA:88,26,1,4
BRDA:88,26,2,4
BRDA:88,26,3,4
BRDA:88,26,4,4
BRDA:88,27,0,0
BRDA:88,27,1,11
BRDA:88,28,0,11
BRDA:88,28,1,11
BRDA:88,29,0,0
BRDA:88,29,1,4
BRDA:88,30,0,4
BRDA:88,30,1,4
BRDA:88,31,0,0
BRDA:88,31,1,4
BRDA:88,32,0,4
BRDA:88,32,1,4
BRDA:88,33,0,0
BRDA:88,33,1,4
BRDA:88,34,0,4
BRDA:88,34,1,4
BRDA:88,35,0,0
BRDA:88,35,1,4
BRDA:88,36,0,4
BRDA:88,36,1,4
BRDA:89,37,0,7
BRDA:89,37,1,4
BRDA:94,38,0,18
BRDA:94,38,1,0
BRDA:94,39,0,18
BRDA:94,39,1,18
BRDA:94,40,0,0
BRDA:94,40,1,18
BRDA:94,41,0,18
BRDA:94,41,1,18
BRDA:98,42,0,16
BRDA:98,42,1,2
BRDA:98,43,0,0
BRDA:98,43,1,18
BRDA:98,44,0,18
BRDA:98,44,1,18
BRDA:98,45,0,0
BRDA:98,45,1,18
BRDA:98,46,0,18
BRDA:98,46,1,18
BRDA:103,47,0,18
BRDA:103,47,1,18
BRDA:103,47,2,0
BRDA:103,48,0,0
BRDA:103,48,1,18
BRDA:103,49,0,18
BRDA:103,49,1,18
BRDA:103,50,0,0
BRDA:103,50,1,18
BRDA:103,51,0,18
BRDA:103,51,1,18
BRDA:104,52,0,16
BRDA:104,52,1,2
BRDA:110,53,0,11
BRDA:110,53,1,4
BRDA:110,53,2,4
BRDA:110,53,3,4
BRDA:110,54,0,0
BRDA:110,54,1,11
BRDA:110,55,0,11
BRDA:110,55,1,11
BRDA:110,56,0,0
BRDA:110,56,1,4
BRDA:110,57,0,4
BRDA:110,57,1,4
BRDA:110,58,0,0
BRDA:110,58,1,4
BRDA:110,59,0,4
BRDA:110,59,1,4
BRDA:117,60,0,11
BRDA:117,60,1,5
BRDA:117,61,0,0
BRDA:117,61,1,11
BRDA:117,62,0,11
BRDA:117,62,1,11
BRDA:124,63,0,18
BRDA:124,64,0,29
BRDA:124,64,1,18
BRDA:124,65,0,0
BRDA:124,65,1,29
BRDA:124,66,0,29
BRDA:124,66,1,29
BRDA:124,67,0,0
BRDA:124,67,1,18
BRDA:124,68,0,18
BRDA:124,68,1,18
BRDA:124,69,0,0
BRDA:124,69,1,18
BRDA:124,70,0,18
BRDA:124,70,1,18
BRDA:137,71,0,30
BRDA:137,71,1,0
BRDA:142,72,0,20
BRDA:143,73,0,1
BRDA:158,74,0,9
BRDA:158,75,0,10
BRDA:158,75,1,9
BRDA:160,76,0,1
BRDA:176,77,0,22
BRDA:176,77,1,4
BRDA:177,78,0,22
BRDA:177,78,1,4
BRDA:178,79,0,22
BRDA:178,79,1,4
BRDA:179,80,0,22
BRDA:179,80,1,4
BRDA:186,81,0,7
BRDA:186,82,0,26
BRDA:186,82,1,19
BRDA:186,83,0,0
BRDA:186,83,1,26
BRDA:186,84,0,26
BRDA:186,84,1,26
BRDA:186,85,0,0
BRDA:186,85,1,19
BRDA:186,86,0,19
BRDA:186,86,1,19
BRDA:186,87,0,0
BRDA:186,87,1,19
BRDA:186,88,0,19
BRDA:186,88,1,19
BRDA:189,89,0,1
BRDA:197,90,0,22
BRDA:197,90,1,2
BRDA:198,91,0,2
BRDA:198,92,0,24
BRDA:198,92,1,2
BRDA:201,93,0,24
BRDA:201,93,1,1
BRDA:205,94,0,7
BRDA:205,95,0,0
BRDA:205,95,1,22
BRDA:205,96,0,22
BRDA:205,96,1,22
BRDA:207,97,0,0
BRDA:207,97,1,15
BRDA:207,98,0,15
BRDA:207,98,1,15
BRDA:207,99,0,0
BRDA:207,99,1,15
BRDA:207,100,0,15
BRDA:207,100,1,15
BRDA:207,101,0,0
BRDA:207,101,1,15
BRDA:207,102,0,15
BRDA:207,102,1,15
BRDA:208,103,0,15
BRDA:208,103,1,0
BRDA:212,104,0,15
BRDA:212,104,1,0
BRDA:212,105,0,0
BRDA:212,105,1,15
BRDA:212,106,0,15
BRDA:212,106,1,15
BRDA:212,107,0,0
BRDA:212,107,1,15
BRDA:212,108,0,15
BRDA:212,108,1,15
BRDA:212,109,0,0
BRDA:212,109,1,15
BRDA:212,110,0,15
BRDA:212,110,1,15
BRDA:217,111,0,7
BRDA:219,112,0,14
BRDA:219,112,1,1
BRDA:220,113,0,14
BRDA:220,113,1,1
BRDA:223,114,0,2
BRDA:223,114,1,13
BRDA:227,115,0,2
BRDA:227,115,1,13
BRDA:227,116,0,15
BRDA:227,116,1,2
BRDA:229,117,0,4
BRDA:229,118,0,15
BRDA:229,118,1,11
BRDA:234,119,0,4
BRDA:234,119,1,0
BRDA:234,120,0,4
BRDA:234,120,1,4
BRDA:245,121,0,18
BRDA:245,121,1,4
BRDA:266,122,0,29
BRDA:266,122,1,1
BRDA:268,123,0,1
BRDA:268,123,1,0
BRDA:268,124,0,1
BRDA:268,124,1,1
BRDA:271,125,0,30
BRDA:271,125,1,22
BRDA:274,126,0,4
BRDA:282,127,0,1
BRDA:290,128,0,1
BRDA:295,129,0,1
BRDA:299,130,0,1
BRDA:307,131,0,22
BRF:247
BRH:204
end_of_record
TN:
SF:server\handlers\ProductHandlers.ts
FN:4,ListProductsHandler
FN:5,(anonymous_1)
FN:15,GetProductHandler
FN:16,(anonymous_3)
FNF:4
FNH:4
FNDA:4,ListProductsHandler
FNDA:4,(anonymous_1)
FNDA:8,GetProductHandler
FNDA:8,(anonymous_3)
DA:2,1
DA:4,1
DA:5,4
DA:6,4
DA:7,4
DA:8,2
DA:10,2
DA:15,1
DA:16,8
DA:17,8
DA:18,8
DA:19,8
DA:21,7
DA:22,3
DA:25,4
DA:27,1
LF:16
LH:16
BRDA:21,0,0,3
BRF:1
BRH:1
end_of_record
TN:
SF:server\handlers\ShipmentHandlers.ts
FN:12,MarkOrderShippedHandler
FN:13,(anonymous_1)
FNF:2
FNH:2
FNDA:16,MarkOrderShippedHandler
FNDA:16,(anonymous_1)
DA:5,1
DA:12,1
DA:13,16
DA:14,16
DA:15,16
DA:17,16
DA:18,3
DA:21,13
DA:22,11
DA:23,3
DA:26,8
DA:27,7
DA:28,1
DA:31,6
DA:37,5
DA:44,4
LF:16
LH:16
BRDA:17,0,0,3
BRDA:22,1,0,3
BRDA:27,2,0,1
BRF:3
BRH:3
end_of_record
TN:
SF:server\services\EmailService.ts
FN:53,(anonymous_7)
FN:61,(anonymous_8)
FN:94,(anonymous_9)
FN:125,(anonymous_10)
FN:164,(anonymous_11)
FN:196,(anonymous_12)
FN:205,(anonymous_13)
FN:212,(anonymous_14)
FN:219,(anonymous_15)
FN:226,(anonymous_16)
FNF:10
FNH:10
FNDA:15,(anonymous_7)
FNDA:15,(anonymous_8)
FNDA:5,(anonymous_9)
FNDA:5,(anonymous_10)
FNDA:3,(anonymous_11)
FNDA:13,(anonymous_12)
FNDA:13,(anonymous_13)
FNDA:9,(anonymous_14)
FNDA:4,(anonymous_15)
FNDA:4,(anonymous_16)
DA:1,1
DA:3,1
DA:6,1
DA:7,1
DA:8,1
DA:53,1
DA:54,15
DA:55,15
DA:56,15
DA:62,15
DA:63,15
DA:65,15
DA:66,5
DA:67,5
DA:68,5
DA:69,5
DA:72,10
DA:73,10
DA:83,10
DA:84,10
DA:86,0
DA:87,0
DA:95,5
DA:97,5
DA:98,2
DA:99,2
DA:102,3
DA:103,3
DA:105,3
DA:113,3
DA:114,2
DA:115,2
DA:117,1
DA:118,1
DA:126,5
DA:127,5
DA:129,5
DA:130,1
DA:131,1
DA:134,4
DA:135,4
DA:137,4
DA:138,4
DA:152,4
DA:153,3
DA:154,3
DA:156,1
DA:157,1
DA:165,3
DA:166,3
DA:168,3
DA:169,1
DA:170,1
DA:173,2
DA:174,2
DA:176,2
DA:184,2
DA:185,1
DA:186,1
DA:188,1
DA:189,1
DA:197,13
DA:198,1
DA:206,13
DA:213,9
DA:220,4
DA:227,4
DA:228,4
LF:68
LH:66
BRDA:62,0,0,0
BRDA:65,1,0,5
BRDA:97,2,0,2
BRDA:129,3,0,1
BRDA:168,4,0,1
BRDA:197,5,0,1
BRDA:206,6,0,13
BRDA:206,6,1,9
BRDA:213,7,0,9
BRDA:213,7,1,1
BRDA:220,8,0,3
BRDA:220,8,1,1
BRF:12
BRH:11
end_of_record
TN:
SF:server\services\PaymentStatusService.ts
FN:39,(anonymous_0)
FN:47,(anonymous_1)
FN:72,(anonymous_2)
FN:89,(anonymous_3)
FN:103,(anonymous_4)
FN:123,(anonymous_5)
FN:159,(anonymous_6)
FN:183,(anonymous_7)
FN:190,(anonymous_8)
FNF:9
FNH:9
FNDA:24,(anonymous_0)
FNDA:24,(anonymous_1)
FNDA:9,(anonymous_2)
FNDA:2,(anonymous_3)
FNDA:12,(anonymous_4)
FNDA:12,(anonymous_5)
FNDA:23,(anonymous_6)
FNDA:24,(anonymous_7)
FNDA:24,(anonymous_8)
DA:3,1
DA:4,1
DA:5,1
DA:6,1
DA:38,1
DA:40,24
DA:41,24
DA:48,24
DA:50,24
DA:51,24
DA:53,24
DA:55,9
DA:59,2
DA:62,12
DA:65,1
DA:77,9
DA:79,9
DA:94,2
DA:109,12
DA:111,12
DA:117,12
DA:125,12
DA:128,11
DA:129,10
DA:136,10
DA:137,1
DA:140,9
DA:147,9
DA:148,1
DA:151,8
DA:164,23
DA:165,1
DA:168,22
DA:170,22
DA:171,21
DA:177,22
DA:184,24
DA:191,24
LF:38
LH:38
BRDA:53,0,0,9
BRDA:53,0,1,1
BRDA:53,0,2,2
BRDA:53,0,3,12
BRDA:53,0,4,1
BRDA:77,1,0,9
BRDA:77,1,1,8
BRDA:109,2,0,12
BRDA:109,2,1,11
BRDA:129,3,0,10
BRDA:129,3,1,0
BRDA:129,4,0,10
BRDA:129,4,1,10
BRDA:136,5,0,1
BRDA:147,6,0,1
BRDA:151,7,0,7
BRDA:151,7,1,1
BRDA:151,8,0,8
BRDA:151,8,1,7
BRDA:164,9,0,1
BRDA:170,10,0,21
BRDA:177,11,0,21
BRDA:177,11,1,1
BRDA:177,12,0,22
BRDA:177,12,1,21
BRDA:184,13,0,24
BRDA:184,13,1,12
BRDA:184,13,2,7
BRDA:191,14,0,24
BRDA:191,14,1,12
BRDA:191,14,2,7
BRF:31
BRH:30
end_of_record
TN:
SF:server\services\ShippingService.ts
FN:20,(anonymous_0)
FN:27,(anonymous_1)
FN:42,(anonymous_2)
FN:75,(anonymous_3)
FN:94,(anonymous_4)
FN:140,(anonymous_5)
FN:182,(anonymous_6)
FN:234,(anonymous_7)
FNF:8
FNH:8
FNDA:19,(anonymous_0)
FNDA:19,(anonymous_1)
FNDA:7,(anonymous_2)
FNDA:7,(anonymous_3)
FNDA:6,(anonymous_4)
FNDA:4,(anonymous_5)
FNDA:9,(anonymous_6)
FNDA:4,(anonymous_7)
DA:2,1
DA:3,1
DA:6,1
DA:7,1
DA:8,1
DA:9,1
DA:17,1
DA:21,19
DA:28,19
DA:29,0
DA:32,19
DA:33,0
DA:36,19
DA:43,7
DA:45,7
DA:46,7
DA:48,7
DA:49,1
DA:52,6
DA:54,6
DA:55,2
DA:58,2
DA:61,4
DA:62,0
DA:65,0
DA:68,4
DA:69,4
DA:76,7
DA:78,7
DA:79,6
DA:88,1
DA:98,6
DA:99,0
DA:102,6
DA:103,2
DA:106,4
DA:107,4
DA:108,4
DA:113,3
DA:115,3
DA:116,1
DA:119,2
DA:124,2
DA:128,2
DA:130,1
DA:133,1
DA:146,4
DA:148,4
DA:150,4
DA:151,4
DA:156,3
DA:158,3
DA:163,3
DA:167,3
DA:169,1
DA:171,1
DA:175,1
DA:183,9
DA:185,9
DA:186,3
DA:195,6
DA:196,6
DA:198,6
DA:199,6
DA:200,6
DA:202,6
DA:204,6
DA:218,6
DA:225,6
DA:235,4
DA:237,4
DA:238,1
DA:241,3
DA:246,3
DA:247,1
DA:250,2
LF:76
LH:71
BRDA:28,0,0,0
BRDA:32,1,0,0
BRDA:48,2,0,1
BRDA:48,3,0,7
BRDA:48,3,1,7
BRDA:48,4,0,0
BRDA:48,4,1,7
BRDA:48,5,0,7
BRDA:48,5,1,7
BRDA:54,6,0,2
BRDA:61,7,0,0
BRDA:78,8,0,6
BRDA:83,9,0,0
BRDA:83,9,1,6
BRDA:84,10,0,6
BRDA:84,10,1,0
BRDA:84,11,0,6
BRDA:84,11,1,6
BRDA:98,12,0,0
BRDA:102,13,0,2
BRDA:113,14,0,2
BRDA:113,14,1,1
BRDA:113,15,0,3
BRDA:113,15,1,3
BRDA:113,16,0,1
BRDA:113,16,1,2
BRDA:113,17,0,3
BRDA:113,17,1,2
BRDA:115,18,0,1
BRDA:121,19,0,2
BRDA:121,19,1,0
BRDA:121,20,0,2
BRDA:121,20,1,2
BRDA:121,21,0,1
BRDA:121,21,1,1
BRDA:121,22,0,2
BRDA:121,22,1,2
BRDA:125,23,0,2
BRDA:125,23,1,0
BRDA:125,24,0,2
BRDA:125,24,1,2
BRDA:125,25,0,2
BRDA:125,25,1,0
BRDA:125,26,0,2
BRDA:125,26,1,2
BRDA:125,27,0,1
BRDA:125,27,1,1
BRDA:125,28,0,2
BRDA:125,28,1,2
BRDA:131,29,0,1
BRDA:131,29,1,0
BRDA:131,30,0,1
BRDA:131,30,1,1
BRDA:169,31,0,0
BRDA:169,31,1,1
BRDA:172,32,0,1
BRDA:172,32,1,0
BRDA:185,33,0,3
BRDA:190,34,0,1
BRDA:190,34,1,2
BRDA:191,35,0,2
BRDA:191,35,1,1
BRDA:191,36,0,3
BRDA:191,36,1,2
BRDA:199,37,0,1
BRDA:199,37,1,5
BRDA:200,38,0,6
BRDA:200,38,1,0
BRDA:200,39,0,6
BRDA:200,39,1,6
BRDA:200,40,0,4
BRDA:200,40,1,2
BRDA:200,41,0,6
BRDA:200,41,1,6
BRDA:202,42,0,5
BRDA:202,42,1,1
BRDA:202,43,0,6
BRDA:202,43,1,6
BRDA:207,44,0,5
BRDA:207,44,1,1
BRDA:207,45,0,6
BRDA:207,45,1,6
BRDA:208,46,0,1
BRDA:208,46,1,5
BRDA:208,47,0,6
BRDA:208,47,1,3
BRDA:219,48,0,5
BRDA:219,48,1,1
BRDA:219,49,0,6
BRDA:219,49,1,6
BRDA:237,50,0,1
BRDA:246,51,0,1
BRF:92
BRH:78
end_of_record
TN:
SF:server\services\StripeService.ts
FN:35,(anonymous_1)
FN:43,(anonymous_2)
FN:56,(anonymous_3)
FN:69,(anonymous_4)
FN:76,(anonymous_5)
FN:84,(anonymous_6)
FN:94,(anonymous_7)
FN:157,(anonymous_8)
FN:181,(anonymous_9)
FN:189,(anonymous_10)
FN:200,(anonymous_11)
FN:215,(anonymous_12)
FNF:12
FNH:12
FNDA:11,(anonymous_1)
FNDA:11,(anonymous_2)
FNDA:2,(anonymous_3)
FNDA:3,(anonymous_4)
FNDA:2,(anonymous_5)
FNDA:4,(anonymous_6)
FNDA:5,(anonymous_7)
FNDA:1,(anonymous_8)
FNDA:1,(anonymous_9)
FNDA:1,(anonymous_10)
FNDA:5,(anonymous_11)
FNDA:2,(anonymous_12)
DA:1,1
DA:2,1
DA:3,1
DA:4,1
DA:5,1
DA:31,1
DA:36,11
DA:37,11
DA:44,11
DA:45,4
DA:48,7
DA:57,2
DA:58,1
DA:61,2
DA:62,1
DA:70,3
DA:77,2
DA:85,4
DA:86,2
DA:88,2
DA:95,5
DA:97,5
DA:98,5
DA:99,5
DA:100,5
DA:102,5
DA:112,5
DA:113,1
DA:117,4
DA:118,2
DA:121,2
DA:123,2
DA:139,2
DA:148,2
DA:162,1
DA:163,1
DA:165,1
DA:172,1
DA:182,1
DA:183,1
DA:193,1
DA:194,1
DA:201,5
DA:203,1
DA:206,2
DA:208,2
DA:216,2
LF:47
LH:47
BRDA:44,0,0,4
BRDA:44,1,0,11
BRDA:44,1,1,9
BRDA:57,2,0,1
BRDA:57,3,0,2
BRDA:57,3,1,1
BRDA:61,4,0,1
BRDA:70,5,0,3
BRDA:70,5,1,2
BRDA:85,6,0,2
BRDA:97,7,0,2
BRDA:97,7,1,3
BRDA:98,8,0,2
BRDA:98,8,1,3
BRDA:99,9,0,5
BRDA:99,9,1,3
BRDA:108,10,0,2
BRDA:108,10,1,3
BRDA:112,11,0,1
BRDA:117,12,0,2
BRDA:131,13,0,1
BRDA:131,13,1,1
BRDA:136,14,0,1
BRDA:136,14,1,1
BRDA:201,15,0,1
BRDA:201,15,1,1
BRDA:201,15,2,2
BRDA:201,15,3,2
BRDA:216,16,0,2
BRDA:216,16,1,1
BRF:30
BRH:30
end_of_record
TN:
SF:server\shipping\InPostProvider.ts
FN:17,buildTrackingUrl
FN:21,normalizeCountryCode
FN:29,splitAddress
FN:52,assertValidPayload
FN:62,normalizeTrackingNumber
FN:76,(anonymous_5)
FN:85,(anonymous_6)
FN:131,(anonymous_7)
FN:147,(anonymous_8)
FN:164,(anonymous_9)
FN:194,(anonymous_10)
FNF:11
FNH:0
FNDA:0,buildTrackingUrl
FNDA:0,normalizeCountryCode
FNDA:0,splitAddress
FNDA:0,assertValidPayload
FNDA:0,normalizeTrackingNumber
FNDA:0,(anonymous_5)
FNDA:0,(anonymous_6)
FNDA:0,(anonymous_7)
FNDA:0,(anonymous_8)
FNDA:0,(anonymous_9)
FNDA:0,(anonymous_10)
DA:2,1
DA:3,1
DA:18,0
DA:22,0
DA:23,0
DA:24,0
DA:26,0
DA:30,0
DA:31,0
DA:32,0
DA:35,0
DA:36,0
DA:39,0
DA:40,0
DA:41,0
DA:44,0
DA:45,0
DA:46,0
DA:49,0
DA:53,0
DA:54,0
DA:55,0
DA:57,0
DA:58,0
DA:63,0
DA:72,1
DA:77,0
DA:78,0
DA:79,0
DA:81,0
DA:82,0
DA:86,0
DA:88,0
DA:90,0
DA:91,0
DA:92,0
DA:93,0
DA:95,0
DA:96,0
DA:99,0
DA:100,0
DA:102,0
DA:103,0
DA:108,0
DA:109,0
DA:110,0
DA:113,0
DA:114,0
DA:115,0
DA:118,0
DA:120,0
DA:132,0
DA:148,0
DA:170,0
DA:171,0
DA:195,0
LF:56
LH:3
BRDA:22,0,0,0
BRDA:22,0,1,0
BRDA:23,1,0,0
BRDA:23,2,0,0
BRDA:23,2,1,0
BRDA:23,2,2,0
BRDA:26,3,0,0
BRDA:26,3,1,0
BRDA:30,4,0,0
BRDA:30,4,1,0
BRDA:31,5,0,0
BRDA:35,6,0,0
BRDA:40,7,0,0
BRDA:40,8,0,0
BRDA:40,8,1,0
BRDA:40,9,0,0
BRDA:40,9,1,0
BRDA:45,10,0,0
BRDA:54,11,0,0
BRDA:57,12,0,0
BRDA:64,13,0,0
BRDA:64,13,1,0
BRDA:64,13,2,0
BRDA:64,13,3,0
BRDA:64,13,4,0
BRDA:78,14,0,0
BRDA:86,15,0,0
BRDA:86,15,1,0
BRDA:87,16,0,0
BRDA:87,16,1,0
BRDA:95,17,0,0
BRDA:95,18,0,0
BRDA:95,18,1,0
BRDA:109,19,0,0
BRDA:114,20,0,0
BRDA:124,21,0,0
BRDA:124,21,1,0
BRDA:126,22,0,0
BRDA:126,22,1,0
BRDA:126,23,0,0
BRDA:126,23,1,0
BRDA:127,24,0,0
BRDA:127,24,1,0
BRDA:127,25,0,0
BRDA:127,25,1,0
BRDA:127,26,0,0
BRDA:127,26,1,0
BRDA:127,27,0,0
BRDA:127,27,1,0
BRDA:170,28,0,0
BRDA:170,28,1,0
BRDA:182,29,0,0
BRDA:182,29,1,0
BRDA:186,30,0,0
BRDA:186,30,1,0
BRF:55
BRH:0
end_of_record
TN:
SF:server\shipping\inpostConfig.ts
FN:33,getInpostConfig
FNF:1
FNH:0
FNDA:0,getInpostConfig
DA:1,1
DA:33,1
DA:34,0
DA:35,0
DA:37,0
DA:38,0
DA:40,0
LF:7
LH:2
BRDA:35,0,0,0
BRDA:38,1,0,0
BRF:2
BRH:0
end_of_record
TN:
SF:server\utils\emailTemplates.ts
FN:16,formatPrice
FN:23,formatDate
FN:37,getLogoHtml
FN:44,generateOrderConfirmationEmail
FN:200,generateInvoiceEmail
FN:290,generateShipmentEmail
FNF:6
FNH:0
FNDA:0,formatPrice
FNDA:0,formatDate
FNDA:0,getLogoHtml
FNDA:0,generateOrderConfirmationEmail
FNDA:0,generateInvoiceEmail
FNDA:0,generateShipmentEmail
DA:17,0
DA:24,0
DA:25,0
DA:38,0
DA:44,1
DA:45,0
DA:166,0
DA:194,0
DA:200,1
DA:205,0
DA:207,0
DA:270,0
DA:284,0
DA:290,1
DA:295,0
DA:352,0
DA:364,0
LF:17
LH:3
BRDA:205,0,0,0
BRDA:205,0,1,0
BRDA:205,1,0,0
BRDA:205,1,1,0
BRDA:205,2,0,0
BRDA:205,2,1,0
BRF:6
BRH:0
end_of_record
TN:
SF:server\utils\env.ts
FN:9,resolveEnv
FN:19,requireEnv
FN:36,parseEnvInt
FN:47,parseEnvBoolean
FNF:4
FNH:0
FNDA:0,resolveEnv
FNDA:0,requireEnv
FNDA:0,parseEnvInt
FNDA:0,parseEnvBoolean
DA:1,1
DA:9,1
DA:10,0
DA:19,1
DA:20,0
DA:21,0
DA:22,0
DA:24,0
DA:25,0
DA:27,0
DA:36,1
DA:37,0
DA:38,0
DA:39,0
DA:47,1
DA:48,0
LF:16
LH:5
BRDA:9,0,0,0
BRDA:10,1,0,0
BRDA:10,1,1,0
BRDA:21,2,0,0
BRDA:24,3,0,0
BRDA:39,4,0,0
BRDA:39,4,1,0
BRDA:39,5,0,0
BRDA:39,5,1,0
BRF:9
BRH:0
end_of_record
TN:
SF:server\validators\inputValidators.ts
FN:7,validatePositiveInteger
FN:18,validateRequiredString
FN:28,validateEmail
FN:40,validatePhone
FN:52,validatePostalCode
FN:59,validateDeliveryMethod
FN:89,validateCustomerInfo
FNF:7
FNH:7
FNDA:15,validatePositiveInteger
FNDA:102,validateRequiredString
FNDA:21,validateEmail
FNDA:19,validatePhone
FNDA:12,validatePostalCode
FNDA:8,validateDeliveryMethod
FNDA:15,validateCustomerInfo
DA:1,1
DA:2,1
DA:7,1
DA:8,15
DA:9,15
DA:10,12
DA:12,3
DA:18,1
DA:19,102
DA:20,30
DA:22,72
DA:28,1
DA:29,21
DA:30,17
DA:31,17
DA:32,6
DA:34,11
DA:40,1
DA:41,19
DA:43,15
DA:44,2
DA:46,13
DA:52,1
DA:53,12
DA:59,1
DA:63,8
DA:65,8
DA:66,4
DA:67,4
DA:68,3
DA:72,5
DA:89,1
DA:90,15
DA:92,15
LF:34
LH:34
BRDA:9,0,0,12
BRDA:9,1,0,15
BRDA:9,1,1,11
BRDA:9,1,2,6
BRDA:19,2,0,30
BRDA:19,3,0,102
BRDA:19,3,1,86
BRDA:31,4,0,6
BRDA:43,5,0,2
BRDA:63,6,0,6
BRDA:63,6,1,2
BRDA:65,7,0,4
BRDA:67,8,0,3
BRDA:67,9,0,2
BRDA:67,9,1,2
BRDA:67,10,0,4
BRDA:67,10,1,4
BRF:17
BRH:17
end_of_record
TN:
SF:server\validators\webhookValidator.ts
FN:24,normalizePaymentStatus
FN:49,parseStripePayload
FN:77,parseGenericPayload
FN:112,parseWebhookPayload
FNF:4
FNH:4
FNDA:45,normalizePaymentStatus
FNDA:50,parseStripePayload
FNDA:45,parseGenericPayload
FNDA:50,parseWebhookPayload
DA:1,1
DA:25,45
DA:27,45
DA:28,31
DA:31,14
DA:32,2
DA:35,12
DA:36,2
DA:39,10
DA:40,2
DA:43,8
DA:50,50
DA:51,45
DA:54,5
DA:55,5
DA:57,5
DA:58,5
DA:59,2
DA:62,5
DA:63,5
DA:65,5
DA:78,45
DA:80,45
DA:87,45
DA:90,45
DA:97,45
DA:98,45
DA:100,45
DA:112,1
DA:114,50
DA:115,50
DA:116,5
DA:120,45
LF:33
LH:33
BRDA:27,0,0,31
BRDA:31,1,0,2
BRDA:35,2,0,2
BRDA:39,3,0,2
BRDA:50,4,0,45
BRDA:50,5,0,50
BRDA:50,5,1,6
BRDA:50,6,0,2
BRDA:50,6,1,48
BRDA:50,7,0,50
BRDA:50,7,1,49
BRDA:50,8,0,1
BRDA:50,8,1,5
BRDA:50,9,0,6
BRDA:50,9,1,6
BRDA:50,10,0,0
BRDA:50,10,1,6
BRDA:50,11,0,6
BRDA:50,11,1,6
BRDA:55,12,0,5
BRDA:55,12,1,2
BRDA:55,13,0,0
BRDA:55,13,1,5
BRDA:55,14,0,5
BRDA:55,14,1,5
BRDA:58,15,0,2
BRDA:58,16,0,5
BRDA:58,16,1,3
BRDA:62,17,0,5
BRDA:62,17,1,2
BRDA:62,17,2,0
BRDA:62,18,0,0
BRDA:62,18,1,5
BRDA:62,19,0,5
BRDA:62,19,1,5
BRDA:62,20,0,0
BRDA:62,20,1,2
BRDA:62,21,0,2
BRDA:62,21,1,2
BRDA:63,22,0,4
BRDA:63,22,1,1
BRDA:63,23,0,1
BRDA:63,23,1,4
BRDA:63,24,0,5
BRDA:63,24,1,5
BRDA:63,25,0,0
BRDA:63,25,1,5
BRDA:63,26,0,5
BRDA:63,26,1,5
BRDA:66,27,0,5
BRDA:66,27,1,0
BRDA:66,28,0,0
BRDA:66,28,1,5
BRDA:66,29,0,5
BRDA:66,29,1,5
BRDA:69,30,0,4
BRDA:69,30,1,1
BRDA:78,31,0,45
BRDA:78,31,1,44
BRDA:78,31,2,42
BRDA:78,31,3,39
BRDA:78,32,0,2
BRDA:78,32,1,43
BRDA:78,33,0,45
BRDA:78,33,1,44
BRDA:78,34,0,2
BRDA:78,34,1,42
BRDA:78,35,0,44
BRDA:78,35,1,43
BRDA:78,36,0,2
BRDA:78,36,1,40
BRDA:78,37,0,42
BRDA:78,37,1,41
BRDA:81,38,0,45
BRDA:81,38,1,7
BRDA:81,38,2,6
BRDA:81,38,3,5
BRDA:81,39,0,2
BRDA:81,39,1,43
BRDA:81,40,0,45
BRDA:81,40,1,44
BRDA:82,41,0,2
BRDA:82,41,1,5
BRDA:82,42,0,7
BRDA:82,42,1,6
BRDA:83,43,0,2
BRDA:83,43,1,4
BRDA:83,44,0,6
BRDA:83,44,1,5
BRDA:90,45,0,45
BRDA:90,45,1,17
BRDA:90,45,2,14
BRDA:90,45,3,12
BRDA:90,45,4,10
BRDA:90,45,5,9
BRDA:90,46,0,2
BRDA:90,46,1,43
BRDA:90,47,0,45
BRDA:90,47,1,44
BRDA:91,48,0,2
BRDA:91,48,1,15
BRDA:91,49,0,17
BRDA:91,49,1,16
BRDA:92,50,0,2
BRDA:92,50,1,12
BRDA:92,51,0,14
BRDA:92,51,1,13
BRDA:93,52,0,2
BRDA:93,52,1,10
BRDA:93,53,0,12
BRDA:93,53,1,11
BRDA:94,54,0,2
BRDA:94,54,1,8
BRDA:94,55,0,10
BRDA:94,55,1,9
BRDA:97,56,0,45
BRDA:97,56,1,31
BRDA:97,56,2,28
BRDA:97,57,0,2
BRDA:97,57,1,43
BRDA:97,58,0,45
BRDA:97,58,1,44
BRDA:97,59,0,2
BRDA:97,59,1,29
BRDA:97,60,0,31
BRDA:97,60,1,30
BRDA:98,61,0,17
BRDA:98,61,1,28
BRDA:103,62,0,36
BRDA:103,62,1,9
BRDA:104,63,0,14
BRDA:104,63,1,31
BRDA:105,64,0,45
BRDA:105,64,1,43
BRDA:105,65,0,2
BRDA:105,65,1,43
BRDA:105,66,0,45
BRDA:105,66,1,44
BRDA:115,67,0,5
BRF:139
BRH:131
end_of_record
